\BOOKMARK [0][-]{chapter.1}{\376\377\000C\000l\000a\000s\000s\000\040\000I\000n\000d\000e\000x}{}
\BOOKMARK [1][-]{section.1.1}{\376\377\000C\000l\000a\000s\000s\000\040\000H\000i\000e\000r\000a\000r\000c\000h\000y}{chapter.1}
\BOOKMARK [0][-]{chapter.2}{\376\377\000C\000l\000a\000s\000s\000\040\000I\000n\000d\000e\000x}{}
\BOOKMARK [1][-]{section.2.1}{\376\377\000C\000l\000a\000s\000s\000\040\000L\000i\000s\000t}{chapter.2}
\BOOKMARK [0][-]{chapter.3}{\376\377\000F\000i\000l\000e\000\040\000I\000n\000d\000e\000x}{}
\BOOKMARK [1][-]{section.3.1}{\376\377\000F\000i\000l\000e\000\040\000L\000i\000s\000t}{chapter.3}
\BOOKMARK [0][-]{chapter.4}{\376\377\000C\000l\000a\000s\000s\000\040\000D\000o\000c\000u\000m\000e\000n\000t\000a\000t\000i\000o\000n}{}
\BOOKMARK [1][-]{section.4.1}{\376\377\000C\000e\000l\000l\000\040\000C\000l\000a\000s\000s\000\040\000R\000e\000f\000e\000r\000e\000n\000c\000e}{chapter.4}
\BOOKMARK [2][-]{subsection.4.1.1}{\376\377\000D\000e\000t\000a\000i\000l\000e\000d\000\040\000D\000e\000s\000c\000r\000i\000p\000t\000i\000o\000n}{section.4.1}
\BOOKMARK [2][-]{subsection.4.1.2}{\376\377\000C\000o\000n\000s\000t\000r\000u\000c\000t\000o\000r\000\040\000\046\000\040\000D\000e\000s\000t\000r\000u\000c\000t\000o\000r\000\040\000D\000o\000c\000u\000m\000e\000n\000t\000a\000t\000i\000o\000n}{section.4.1}
\BOOKMARK [3][-]{subsubsection.4.1.2.1}{\376\377\000C\000e\000l\000l}{subsection.4.1.2}
\BOOKMARK [3][-]{subsubsection.4.1.2.2}{\376\377\000C\000e\000l\000l}{subsection.4.1.2}
\BOOKMARK [2][-]{subsection.4.1.3}{\376\377\000M\000e\000m\000b\000e\000r\000\040\000F\000u\000n\000c\000t\000i\000o\000n\000\040\000D\000o\000c\000u\000m\000e\000n\000t\000a\000t\000i\000o\000n}{section.4.1}
\BOOKMARK [3][-]{subsubsection.4.1.3.1}{\376\377\000g\000e\000t\000S\000c\000o\000r\000e}{subsection.4.1.3}
\BOOKMARK [3][-]{subsubsection.4.1.3.2}{\376\377\000m\000u\000t\000a\000t\000e}{subsection.4.1.3}
\BOOKMARK [3][-]{subsubsection.4.1.3.3}{\376\377\000o\000u\000t\000p\000u\000t\000D\000a\000t\000a\000P\000l\000o\000t}{subsection.4.1.3}
\BOOKMARK [3][-]{subsubsection.4.1.3.4}{\376\377\000o\000u\000t\000p\000u\000t\000D\000o\000t\000I\000m\000a\000g\000e}{subsection.4.1.3}
\BOOKMARK [1][-]{section.4.2}{\376\377\000c\000m\000p\000\137\000s\000t\000r\000\040\000S\000t\000r\000u\000c\000t\000\040\000R\000e\000f\000e\000r\000e\000n\000c\000e}{chapter.4}
\BOOKMARK [2][-]{subsection.4.2.1}{\376\377\000M\000e\000m\000b\000e\000r\000\040\000F\000u\000n\000c\000t\000i\000o\000n\000\040\000D\000o\000c\000u\000m\000e\000n\000t\000a\000t\000i\000o\000n}{section.4.2}
\BOOKMARK [3][-]{subsubsection.4.2.1.1}{\376\377\000o\000p\000e\000r\000a\000t\000o\000r\000\050\000\051}{subsection.4.2.1}
\BOOKMARK [1][-]{section.4.3}{\376\377\000C\000o\000m\000p\000l\000e\000x\000\040\000C\000l\000a\000s\000s\000\040\000R\000e\000f\000e\000r\000e\000n\000c\000e}{chapter.4}
\BOOKMARK [2][-]{subsection.4.3.1}{\376\377\000C\000o\000n\000s\000t\000r\000u\000c\000t\000o\000r\000\040\000\046\000\040\000D\000e\000s\000t\000r\000u\000c\000t\000o\000r\000\040\000D\000o\000c\000u\000m\000e\000n\000t\000a\000t\000i\000o\000n}{section.4.3}
\BOOKMARK [3][-]{subsubsection.4.3.1.1}{\376\377\000C\000o\000m\000p\000l\000e\000x}{subsection.4.3.1}
\BOOKMARK [3][-]{subsubsection.4.3.1.2}{\376\377\000C\000o\000m\000p\000l\000e\000x}{subsection.4.3.1}
\BOOKMARK [2][-]{subsection.4.3.2}{\376\377\000M\000e\000m\000b\000e\000r\000\040\000F\000u\000n\000c\000t\000i\000o\000n\000\040\000D\000o\000c\000u\000m\000e\000n\000t\000a\000t\000i\000o\000n}{section.4.3}
\BOOKMARK [3][-]{subsubsection.4.3.2.1}{\376\377\000g\000e\000t\000C\000o\000m\000p\000o\000n\000e\000n\000t\000I\000d}{subsection.4.3.2}
\BOOKMARK [1][-]{section.4.4}{\376\377\000D\000e\000g\000r\000a\000d\000a\000t\000i\000o\000n\000\040\000C\000l\000a\000s\000s\000\040\000R\000e\000f\000e\000r\000e\000n\000c\000e}{chapter.4}
\BOOKMARK [2][-]{subsection.4.4.1}{\376\377\000C\000o\000n\000s\000t\000r\000u\000c\000t\000o\000r\000\040\000\046\000\040\000D\000e\000s\000t\000r\000u\000c\000t\000o\000r\000\040\000D\000o\000c\000u\000m\000e\000n\000t\000a\000t\000i\000o\000n}{section.4.4}
\BOOKMARK [3][-]{subsubsection.4.4.1.1}{\376\377\000D\000e\000g\000r\000a\000d\000a\000t\000i\000o\000n}{subsection.4.4.1}
\BOOKMARK [3][-]{subsubsection.4.4.1.2}{\376\377\000D\000e\000g\000r\000a\000d\000a\000t\000i\000o\000n}{subsection.4.4.1}
\BOOKMARK [2][-]{subsection.4.4.2}{\376\377\000M\000e\000m\000b\000e\000r\000\040\000F\000u\000n\000c\000t\000i\000o\000n\000\040\000D\000o\000c\000u\000m\000e\000n\000t\000a\000t\000i\000o\000n}{section.4.4}
\BOOKMARK [3][-]{subsubsection.4.4.2.1}{\376\377\000g\000e\000t\000E\000f\000f\000e\000c\000t}{subsection.4.4.2}
\BOOKMARK [1][-]{section.4.5}{\376\377\000D\000e\000r\000i\000v\000G\000r\000a\000p\000h\000\040\000C\000l\000a\000s\000s\000\040\000R\000e\000f\000e\000r\000e\000n\000c\000e}{chapter.4}
\BOOKMARK [2][-]{subsection.4.5.1}{\376\377\000C\000o\000n\000s\000t\000r\000u\000c\000t\000o\000r\000\040\000\046\000\040\000D\000e\000s\000t\000r\000u\000c\000t\000o\000r\000\040\000D\000o\000c\000u\000m\000e\000n\000t\000a\000t\000i\000o\000n}{section.4.5}
\BOOKMARK [3][-]{subsubsection.4.5.1.1}{\376\377\000D\000e\000r\000i\000v\000G\000r\000a\000p\000h}{subsection.4.5.1}
\BOOKMARK [3][-]{subsubsection.4.5.1.2}{\376\377\000D\000e\000r\000i\000v\000G\000r\000a\000p\000h}{subsection.4.5.1}
\BOOKMARK [2][-]{subsection.4.5.2}{\376\377\000M\000e\000m\000b\000e\000r\000\040\000F\000u\000n\000c\000t\000i\000o\000n\000\040\000D\000o\000c\000u\000m\000e\000n\000t\000a\000t\000i\000o\000n}{section.4.5}
\BOOKMARK [3][-]{subsubsection.4.5.2.1}{\376\377\000d\000e\000g\000r\000a\000d\000a\000t\000i\000o\000n\000R\000a\000t\000e\000C\000h\000a\000n\000g\000e}{subsection.4.5.2}
\BOOKMARK [3][-]{subsubsection.4.5.2.2}{\376\377\000f\000o\000r\000w\000a\000r\000d\000R\000a\000t\000e\000C\000h\000a\000n\000g\000e}{subsection.4.5.2}
\BOOKMARK [3][-]{subsubsection.4.5.2.3}{\376\377\000g\000e\000t\000A\000r\000c\000M\000a\000p}{subsection.4.5.2}
\BOOKMARK [3][-]{subsubsection.4.5.2.4}{\376\377\000g\000e\000t\000B\000e\000s\000t\000M\000o\000l\000e\000c\000u\000l\000e}{subsection.4.5.2}
\BOOKMARK [3][-]{subsubsection.4.5.2.5}{\376\377\000g\000e\000t\000L\000i\000s\000t\000D\000i\000g\000r\000a\000p\000h}{subsection.4.5.2}
\BOOKMARK [3][-]{subsubsection.4.5.2.6}{\376\377\000g\000e\000t\000N\000o\000d\000e\000M\000a\000p}{subsection.4.5.2}
\BOOKMARK [3][-]{subsubsection.4.5.2.7}{\376\377\000h\000i\000s\000t\000o\000n\000e\000M\000o\000d}{subsection.4.5.2}
\BOOKMARK [3][-]{subsubsection.4.5.2.8}{\376\377\000n\000e\000w\000B\000a\000s\000i\000c}{subsection.4.5.2}
\BOOKMARK [3][-]{subsubsection.4.5.2.9}{\376\377\000n\000e\000w\000C\000o\000m\000p\000l\000e\000x}{subsection.4.5.2}
\BOOKMARK [3][-]{subsubsection.4.5.2.10}{\376\377\000n\000e\000w\000P\000r\000o\000m\000o\000t\000e\000r}{subsection.4.5.2}
\BOOKMARK [3][-]{subsubsection.4.5.2.11}{\376\377\000n\000e\000w\000P\000T\000M}{subsection.4.5.2}
\BOOKMARK [3][-]{subsubsection.4.5.2.12}{\376\377\000o\000u\000t\000p\000u\000t\000D\000a\000t\000a\000P\000l\000o\000t}{subsection.4.5.2}
\BOOKMARK [3][-]{subsubsection.4.5.2.13}{\376\377\000o\000u\000t\000p\000u\000t\000D\000o\000t\000I\000m\000a\000g\000e}{subsection.4.5.2}
\BOOKMARK [3][-]{subsubsection.4.5.2.14}{\376\377\000r\000e\000v\000e\000r\000s\000e\000R\000a\000t\000e\000C\000h\000a\000n\000g\000e}{subsection.4.5.2}
\BOOKMARK [3][-]{subsubsection.4.5.2.15}{\376\377\000r\000u\000n\000g\000e\000K\000u\000t\000t\000a\000E\000v\000a\000l\000u\000a\000t\000e}{subsection.4.5.2}
\BOOKMARK [3][-]{subsubsection.4.5.2.16}{\376\377\000s\000e\000t\000D\000e\000f\000a\000u\000l\000t\000I\000n\000i\000t\000i\000a\000l\000C\000o\000n\000c}{subsection.4.5.2}
\BOOKMARK [3][-]{subsubsection.4.5.2.17}{\376\377\000s\000e\000t\000K\000i\000n\000e\000t\000i\000c\000R\000a\000t\000e\000L\000i\000m\000i\000t\000s}{subsection.4.5.2}
\BOOKMARK [3][-]{subsubsection.4.5.2.18}{\376\377\000s\000e\000t\000L\000i\000m\000i\000t\000s}{subsection.4.5.2}
\BOOKMARK [3][-]{subsubsection.4.5.2.19}{\376\377\000s\000e\000t\000R\000u\000n\000g\000e\000K\000u\000t\000t\000a\000E\000v\000a\000l}{subsection.4.5.2}
\BOOKMARK [3][-]{subsubsection.4.5.2.20}{\376\377\000t\000e\000s\000t}{subsection.4.5.2}
\BOOKMARK [2][-]{subsection.4.5.3}{\376\377\000M\000e\000m\000b\000e\000r\000\040\000D\000a\000t\000a\000\040\000D\000o\000c\000u\000m\000e\000n\000t\000a\000t\000i\000o\000n}{section.4.5}
\BOOKMARK [3][-]{subsubsection.4.5.3.1}{\376\377\000r}{subsection.4.5.3}
\BOOKMARK [1][-]{section.4.6}{\376\377\000D\000N\000A\000\040\000C\000l\000a\000s\000s\000\040\000R\000e\000f\000e\000r\000e\000n\000c\000e}{chapter.4}
\BOOKMARK [2][-]{subsection.4.6.1}{\376\377\000C\000o\000n\000s\000t\000r\000u\000c\000t\000o\000r\000\040\000\046\000\040\000D\000e\000s\000t\000r\000u\000c\000t\000o\000r\000\040\000D\000o\000c\000u\000m\000e\000n\000t\000a\000t\000i\000o\000n}{section.4.6}
\BOOKMARK [3][-]{subsubsection.4.6.1.1}{\376\377\000D\000N\000A}{subsection.4.6.1}
\BOOKMARK [3][-]{subsubsection.4.6.1.2}{\376\377\000D\000N\000A}{subsection.4.6.1}
\BOOKMARK [2][-]{subsection.4.6.2}{\376\377\000M\000e\000m\000b\000e\000r\000\040\000F\000u\000n\000c\000t\000i\000o\000n\000\040\000D\000o\000c\000u\000m\000e\000n\000t\000a\000t\000i\000o\000n}{section.4.6}
\BOOKMARK [3][-]{subsubsection.4.6.2.1}{\376\377\000g\000e\000t\000V\000a\000l\000u\000e}{subsection.4.6.2}
\BOOKMARK [3][-]{subsubsection.4.6.2.2}{\376\377\000r\000k\000A\000p\000p\000r\000o\000x}{subsection.4.6.2}
\BOOKMARK [3][-]{subsubsection.4.6.2.3}{\376\377\000s\000e\000t\000H\000i\000s\000t\000o\000n\000e\000M\000o\000d\000V\000a\000l\000u\000e}{subsection.4.6.2}
\BOOKMARK [2][-]{subsection.4.6.3}{\376\377\000M\000e\000m\000b\000e\000r\000\040\000D\000a\000t\000a\000\040\000D\000o\000c\000u\000m\000e\000n\000t\000a\000t\000i\000o\000n}{section.4.6}
\BOOKMARK [3][-]{subsubsection.4.6.3.1}{\376\377\000h\000i\000l\000l}{subsection.4.6.3}
\BOOKMARK [3][-]{subsubsection.4.6.3.2}{\376\377\000p\000r\000o\000m\000o\000t\000e\000r\000I\000d}{subsection.4.6.3}
\BOOKMARK [1][-]{section.4.7}{\376\377\000E\000x\000p\000e\000r\000i\000m\000e\000n\000t\000\040\000C\000l\000a\000s\000s\000\040\000R\000e\000f\000e\000r\000e\000n\000c\000e}{chapter.4}
\BOOKMARK [2][-]{subsection.4.7.1}{\376\377\000C\000o\000n\000s\000t\000r\000u\000c\000t\000o\000r\000\040\000\046\000\040\000D\000e\000s\000t\000r\000u\000c\000t\000o\000r\000\040\000D\000o\000c\000u\000m\000e\000n\000t\000a\000t\000i\000o\000n}{section.4.7}
\BOOKMARK [3][-]{subsubsection.4.7.1.1}{\376\377\000E\000x\000p\000e\000r\000i\000m\000e\000n\000t}{subsection.4.7.1}
\BOOKMARK [3][-]{subsubsection.4.7.1.2}{\376\377\000E\000x\000p\000e\000r\000i\000m\000e\000n\000t}{subsection.4.7.1}
\BOOKMARK [2][-]{subsection.4.7.2}{\376\377\000M\000e\000m\000b\000e\000r\000\040\000F\000u\000n\000c\000t\000i\000o\000n\000\040\000D\000o\000c\000u\000m\000e\000n\000t\000a\000t\000i\000o\000n}{section.4.7}
\BOOKMARK [3][-]{subsubsection.4.7.2.1}{\376\377\000s\000e\000t\000O\000u\000t\000p\000u\000t\000O\000p\000t\000i\000o\000n\000s}{subsection.4.7.2}
\BOOKMARK [3][-]{subsubsection.4.7.2.2}{\376\377\000s\000t\000a\000r\000t}{subsection.4.7.2}
\BOOKMARK [1][-]{section.4.8}{\376\377\000F\000o\000r\000w\000a\000r\000d\000C\000o\000m\000p\000l\000e\000x\000a\000t\000i\000o\000n\000\040\000C\000l\000a\000s\000s\000\040\000R\000e\000f\000e\000r\000e\000n\000c\000e}{chapter.4}
\BOOKMARK [2][-]{subsection.4.8.1}{\376\377\000C\000o\000n\000s\000t\000r\000u\000c\000t\000o\000r\000\040\000\046\000\040\000D\000e\000s\000t\000r\000u\000c\000t\000o\000r\000\040\000D\000o\000c\000u\000m\000e\000n\000t\000a\000t\000i\000o\000n}{section.4.8}
\BOOKMARK [3][-]{subsubsection.4.8.1.1}{\376\377\000F\000o\000r\000w\000a\000r\000d\000C\000o\000m\000p\000l\000e\000x\000a\000t\000i\000o\000n}{subsection.4.8.1}
\BOOKMARK [3][-]{subsubsection.4.8.1.2}{\376\377\000F\000o\000r\000w\000a\000r\000d\000C\000o\000m\000p\000l\000e\000x\000a\000t\000i\000o\000n}{subsection.4.8.1}
\BOOKMARK [2][-]{subsection.4.8.2}{\376\377\000M\000e\000m\000b\000e\000r\000\040\000F\000u\000n\000c\000t\000i\000o\000n\000\040\000D\000o\000c\000u\000m\000e\000n\000t\000a\000t\000i\000o\000n}{section.4.8}
\BOOKMARK [3][-]{subsubsection.4.8.2.1}{\376\377\000g\000e\000t\000E\000f\000f\000e\000c\000t}{subsection.4.8.2}
\BOOKMARK [2][-]{subsection.4.8.3}{\376\377\000M\000e\000m\000b\000e\000r\000\040\000D\000a\000t\000a\000\040\000D\000o\000c\000u\000m\000e\000n\000t\000a\000t\000i\000o\000n}{section.4.8}
\BOOKMARK [3][-]{subsubsection.4.8.3.1}{\376\377\000f\000i\000r\000s\000t\000N\000o\000d\000e\000I\000D}{subsection.4.8.3}
\BOOKMARK [3][-]{subsubsection.4.8.3.2}{\376\377\000s\000e\000c\000o\000n\000d\000N\000o\000d\000e\000I\000D}{subsection.4.8.3}
\BOOKMARK [1][-]{section.4.9}{\376\377\000F\000o\000r\000w\000a\000r\000d\000P\000T\000M\000\040\000C\000l\000a\000s\000s\000\040\000R\000e\000f\000e\000r\000e\000n\000c\000e}{chapter.4}
\BOOKMARK [2][-]{subsection.4.9.1}{\376\377\000C\000o\000n\000s\000t\000r\000u\000c\000t\000o\000r\000\040\000\046\000\040\000D\000e\000s\000t\000r\000u\000c\000t\000o\000r\000\040\000D\000o\000c\000u\000m\000e\000n\000t\000a\000t\000i\000o\000n}{section.4.9}
\BOOKMARK [3][-]{subsubsection.4.9.1.1}{\376\377\000F\000o\000r\000w\000a\000r\000d\000P\000T\000M}{subsection.4.9.1}
\BOOKMARK [3][-]{subsubsection.4.9.1.2}{\376\377\000F\000o\000r\000w\000a\000r\000d\000P\000T\000M}{subsection.4.9.1}
\BOOKMARK [1][-]{section.4.10}{\376\377\000I\000n\000t\000e\000r\000a\000c\000t\000i\000o\000n\000\040\000C\000l\000a\000s\000s\000\040\000R\000e\000f\000e\000r\000e\000n\000c\000e}{chapter.4}
\BOOKMARK [2][-]{subsection.4.10.1}{\376\377\000C\000o\000n\000s\000t\000r\000u\000c\000t\000o\000r\000\040\000\046\000\040\000D\000e\000s\000t\000r\000u\000c\000t\000o\000r\000\040\000D\000o\000c\000u\000m\000e\000n\000t\000a\000t\000i\000o\000n}{section.4.10}
\BOOKMARK [3][-]{subsubsection.4.10.1.1}{\376\377\000I\000n\000t\000e\000r\000a\000c\000t\000i\000o\000n}{subsection.4.10.1}
\BOOKMARK [3][-]{subsubsection.4.10.1.2}{\376\377\000I\000n\000t\000e\000r\000a\000c\000t\000i\000o\000n}{subsection.4.10.1}
\BOOKMARK [2][-]{subsection.4.10.2}{\376\377\000M\000e\000m\000b\000e\000r\000\040\000F\000u\000n\000c\000t\000i\000o\000n\000\040\000D\000o\000c\000u\000m\000e\000n\000t\000a\000t\000i\000o\000n}{section.4.10}
\BOOKMARK [3][-]{subsubsection.4.10.2.1}{\376\377\000g\000e\000t\000E\000f\000f\000e\000c\000t}{subsection.4.10.2}
\BOOKMARK [3][-]{subsubsection.4.10.2.2}{\376\377\000g\000e\000t\000N\000a\000m\000e}{subsection.4.10.2}
\BOOKMARK [3][-]{subsubsection.4.10.2.3}{\376\377\000g\000e\000t\000R\000a\000t\000e}{subsection.4.10.2}
\BOOKMARK [3][-]{subsubsection.4.10.2.4}{\376\377\000s\000e\000t\000R\000a\000t\000e}{subsection.4.10.2}
\BOOKMARK [2][-]{subsection.4.10.3}{\376\377\000M\000e\000m\000b\000e\000r\000\040\000D\000a\000t\000a\000\040\000D\000o\000c\000u\000m\000e\000n\000t\000a\000t\000i\000o\000n}{section.4.10}
\BOOKMARK [3][-]{subsubsection.4.10.3.1}{\376\377\000a\000r\000c\000I\000D}{subsection.4.10.3}
\BOOKMARK [3][-]{subsubsection.4.10.3.2}{\376\377\000n\000a\000m\000e}{subsection.4.10.3}
\BOOKMARK [3][-]{subsubsection.4.10.3.3}{\376\377\000r\000a\000t\000e}{subsection.4.10.3}
\BOOKMARK [1][-]{section.4.11}{\376\377\000M\000o\000l\000e\000c\000u\000l\000e\000\040\000C\000l\000a\000s\000s\000\040\000R\000e\000f\000e\000r\000e\000n\000c\000e}{chapter.4}
\BOOKMARK [2][-]{subsection.4.11.1}{\376\377\000C\000o\000n\000s\000t\000r\000u\000c\000t\000o\000r\000\040\000\046\000\040\000D\000e\000s\000t\000r\000u\000c\000t\000o\000r\000\040\000D\000o\000c\000u\000m\000e\000n\000t\000a\000t\000i\000o\000n}{section.4.11}
\BOOKMARK [3][-]{subsubsection.4.11.1.1}{\376\377\000M\000o\000l\000e\000c\000u\000l\000e}{subsection.4.11.1}
\BOOKMARK [3][-]{subsubsection.4.11.1.2}{\376\377\000M\000o\000l\000e\000c\000u\000l\000e}{subsection.4.11.1}
\BOOKMARK [2][-]{subsection.4.11.2}{\376\377\000M\000e\000m\000b\000e\000r\000\040\000F\000u\000n\000c\000t\000i\000o\000n\000\040\000D\000o\000c\000u\000m\000e\000n\000t\000a\000t\000i\000o\000n}{section.4.11}
\BOOKMARK [3][-]{subsubsection.4.11.2.1}{\376\377\000g\000e\000t\000I\000D}{subsection.4.11.2}
\BOOKMARK [3][-]{subsubsection.4.11.2.2}{\376\377\000g\000e\000t\000L\000o\000n\000g\000N\000a\000m\000e}{subsection.4.11.2}
\BOOKMARK [3][-]{subsubsection.4.11.2.3}{\376\377\000g\000e\000t\000P\000T\000M\000C\000o\000u\000n\000t}{subsection.4.11.2}
\BOOKMARK [3][-]{subsubsection.4.11.2.4}{\376\377\000g\000e\000t\000P\000T\000M\000C\000o\000u\000n\000t}{subsection.4.11.2}
\BOOKMARK [3][-]{subsubsection.4.11.2.5}{\376\377\000g\000e\000t\000r\000k\000V\000a\000l}{subsection.4.11.2}
\BOOKMARK [3][-]{subsubsection.4.11.2.6}{\376\377\000g\000e\000t\000R\000u\000n\000g\000e\000K\000u\000t\000t\000a\000S\000o\000l\000u\000t\000i\000o\000n}{subsection.4.11.2}
\BOOKMARK [3][-]{subsubsection.4.11.2.7}{\376\377\000g\000e\000t\000S\000c\000o\000r\000e}{subsection.4.11.2}
\BOOKMARK [3][-]{subsubsection.4.11.2.8}{\376\377\000g\000e\000t\000S\000h\000o\000r\000t\000N\000a\000m\000e}{subsection.4.11.2}
\BOOKMARK [3][-]{subsubsection.4.11.2.9}{\376\377\000g\000e\000t\000V\000a\000l\000u\000e}{subsection.4.11.2}
\BOOKMARK [3][-]{subsubsection.4.11.2.10}{\376\377\000n\000e\000x\000t\000P\000o\000i\000n\000t}{subsection.4.11.2}
\BOOKMARK [3][-]{subsubsection.4.11.2.11}{\376\377\000o\000u\000t\000p\000u\000t\000R\000K}{subsection.4.11.2}
\BOOKMARK [3][-]{subsubsection.4.11.2.12}{\376\377\000r\000e\000s\000e\000t}{subsection.4.11.2}
\BOOKMARK [3][-]{subsubsection.4.11.2.13}{\376\377\000r\000k\000A\000p\000p\000r\000o\000x}{subsection.4.11.2}
\BOOKMARK [3][-]{subsubsection.4.11.2.14}{\376\377\000s\000e\000t\000I\000D}{subsection.4.11.2}
\BOOKMARK [3][-]{subsubsection.4.11.2.15}{\376\377\000s\000e\000t\000V\000a\000l\000u\000e}{subsection.4.11.2}
\BOOKMARK [3][-]{subsubsection.4.11.2.16}{\376\377\000u\000p\000d\000a\000t\000e\000R\000k\000V\000a\000l}{subsection.4.11.2}
\BOOKMARK [2][-]{subsection.4.11.3}{\376\377\000M\000e\000m\000b\000e\000r\000\040\000D\000a\000t\000a\000\040\000D\000o\000c\000u\000m\000e\000n\000t\000a\000t\000i\000o\000n}{section.4.11}
\BOOKMARK [3][-]{subsubsection.4.11.3.1}{\376\377\000b\000u\000f}{subsection.4.11.3}
\BOOKMARK [3][-]{subsubsection.4.11.3.2}{\376\377\000c\000u\000r\000r\000e\000n\000t\000D\000i\000r}{subsection.4.11.3}
\BOOKMARK [3][-]{subsubsection.4.11.3.3}{\376\377\000l\000o\000n\000g\000N\000a\000m\000e}{subsection.4.11.3}
\BOOKMARK [3][-]{subsubsection.4.11.3.4}{\376\377\000m\000o\000l\000e\000c\000u\000l\000e\000I\000D}{subsection.4.11.3}
\BOOKMARK [3][-]{subsubsection.4.11.3.5}{\376\377\000n\000o\000d\000e\000I\000D}{subsection.4.11.3}
\BOOKMARK [3][-]{subsubsection.4.11.3.6}{\376\377\000n\000u\000m\000C\000h\000a\000n\000g\000e\000s}{subsection.4.11.3}
\BOOKMARK [3][-]{subsubsection.4.11.3.7}{\376\377\000p\000r\000e\000v\000D\000i\000r}{subsection.4.11.3}
\BOOKMARK [3][-]{subsubsection.4.11.3.8}{\376\377\000P\000T\000M\000A\000r\000r\000a\000y}{subsection.4.11.3}
\BOOKMARK [3][-]{subsubsection.4.11.3.9}{\376\377\000r}{subsection.4.11.3}
\BOOKMARK [3][-]{subsubsection.4.11.3.10}{\376\377\000r\000u\000n\000g\000e\000K\000u\000t\000t\000a\000S\000o\000l\000u\000t\000i\000o\000n}{subsection.4.11.3}
\BOOKMARK [3][-]{subsubsection.4.11.3.11}{\376\377\000s\000h\000o\000r\000t\000N\000a\000m\000e}{subsection.4.11.3}
\BOOKMARK [3][-]{subsubsection.4.11.3.12}{\376\377\000w\000a\000s\000P\000T\000M}{subsection.4.11.3}
\BOOKMARK [1][-]{section.4.12}{\376\377\000M\000o\000l\000e\000c\000u\000l\000e\000T\000y\000p\000e\000\040\000C\000l\000a\000s\000s\000\040\000R\000e\000f\000e\000r\000e\000n\000c\000e}{chapter.4}
\BOOKMARK [2][-]{subsection.4.12.1}{\376\377\000D\000e\000t\000a\000i\000l\000e\000d\000\040\000D\000e\000s\000c\000r\000i\000p\000t\000i\000o\000n}{section.4.12}
\BOOKMARK [2][-]{subsection.4.12.2}{\376\377\000C\000o\000n\000s\000t\000r\000u\000c\000t\000o\000r\000\040\000\046\000\040\000D\000e\000s\000t\000r\000u\000c\000t\000o\000r\000\040\000D\000o\000c\000u\000m\000e\000n\000t\000a\000t\000i\000o\000n}{section.4.12}
\BOOKMARK [3][-]{subsubsection.4.12.2.1}{\376\377\000M\000o\000l\000e\000c\000u\000l\000e\000T\000y\000p\000e}{subsection.4.12.2}
\BOOKMARK [3][-]{subsubsection.4.12.2.2}{\376\377\000M\000o\000l\000e\000c\000u\000l\000e\000T\000y\000p\000e}{subsection.4.12.2}
\BOOKMARK [1][-]{section.4.13}{\376\377\000m\000R\000N\000A\000\040\000C\000l\000a\000s\000s\000\040\000R\000e\000f\000e\000r\000e\000n\000c\000e}{chapter.4}
\BOOKMARK [2][-]{subsection.4.13.1}{\376\377\000C\000o\000n\000s\000t\000r\000u\000c\000t\000o\000r\000\040\000\046\000\040\000D\000e\000s\000t\000r\000u\000c\000t\000o\000r\000\040\000D\000o\000c\000u\000m\000e\000n\000t\000a\000t\000i\000o\000n}{section.4.13}
\BOOKMARK [3][-]{subsubsection.4.13.1.1}{\376\377\000m\000R\000N\000A}{subsection.4.13.1}
\BOOKMARK [3][-]{subsubsection.4.13.1.2}{\376\377\000m\000R\000N\000A}{subsection.4.13.1}
\BOOKMARK [1][-]{section.4.14}{\376\377\000N\000u\000l\000l\000N\000o\000d\000e\000\040\000C\000l\000a\000s\000s\000\040\000R\000e\000f\000e\000r\000e\000n\000c\000e}{chapter.4}
\BOOKMARK [2][-]{subsection.4.14.1}{\376\377\000C\000o\000n\000s\000t\000r\000u\000c\000t\000o\000r\000\040\000\046\000\040\000D\000e\000s\000t\000r\000u\000c\000t\000o\000r\000\040\000D\000o\000c\000u\000m\000e\000n\000t\000a\000t\000i\000o\000n}{section.4.14}
\BOOKMARK [3][-]{subsubsection.4.14.1.1}{\376\377\000N\000u\000l\000l\000N\000o\000d\000e}{subsection.4.14.1}
\BOOKMARK [3][-]{subsubsection.4.14.1.2}{\376\377\000N\000u\000l\000l\000N\000o\000d\000e}{subsection.4.14.1}
\BOOKMARK [2][-]{subsection.4.14.2}{\376\377\000M\000e\000m\000b\000e\000r\000\040\000F\000u\000n\000c\000t\000i\000o\000n\000\040\000D\000o\000c\000u\000m\000e\000n\000t\000a\000t\000i\000o\000n}{section.4.14}
\BOOKMARK [3][-]{subsubsection.4.14.2.1}{\376\377\000g\000e\000t\000V\000a\000l\000u\000e}{subsection.4.14.2}
\BOOKMARK [1][-]{section.4.15}{\376\377\000P\000r\000o\000m\000o\000t\000e\000r\000B\000i\000n\000d\000\040\000C\000l\000a\000s\000s\000\040\000R\000e\000f\000e\000r\000e\000n\000c\000e}{chapter.4}
\BOOKMARK [2][-]{subsection.4.15.1}{\376\377\000C\000o\000n\000s\000t\000r\000u\000c\000t\000o\000r\000\040\000\046\000\040\000D\000e\000s\000t\000r\000u\000c\000t\000o\000r\000\040\000D\000o\000c\000u\000m\000e\000n\000t\000a\000t\000i\000o\000n}{section.4.15}
\BOOKMARK [3][-]{subsubsection.4.15.1.1}{\376\377\000P\000r\000o\000m\000o\000t\000e\000r\000B\000i\000n\000d}{subsection.4.15.1}
\BOOKMARK [3][-]{subsubsection.4.15.1.2}{\376\377\000P\000r\000o\000m\000o\000t\000e\000r\000B\000i\000n\000d}{subsection.4.15.1}
\BOOKMARK [2][-]{subsection.4.15.2}{\376\377\000M\000e\000m\000b\000e\000r\000\040\000F\000u\000n\000c\000t\000i\000o\000n\000\040\000D\000o\000c\000u\000m\000e\000n\000t\000a\000t\000i\000o\000n}{section.4.15}
\BOOKMARK [3][-]{subsubsection.4.15.2.1}{\376\377\000g\000e\000t\000E\000f\000f\000e\000c\000t}{subsection.4.15.2}
\BOOKMARK [2][-]{subsection.4.15.3}{\376\377\000M\000e\000m\000b\000e\000r\000\040\000D\000a\000t\000a\000\040\000D\000o\000c\000u\000m\000e\000n\000t\000a\000t\000i\000o\000n}{section.4.15}
\BOOKMARK [3][-]{subsubsection.4.15.3.1}{\376\377\000k\000f}{subsection.4.15.3}
\BOOKMARK [3][-]{subsubsection.4.15.3.2}{\376\377\000k\000r}{subsection.4.15.3}
\BOOKMARK [1][-]{section.4.16}{\376\377\000P\000r\000o\000t\000e\000i\000n\000\040\000C\000l\000a\000s\000s\000\040\000R\000e\000f\000e\000r\000e\000n\000c\000e}{chapter.4}
\BOOKMARK [2][-]{subsection.4.16.1}{\376\377\000C\000o\000n\000s\000t\000r\000u\000c\000t\000o\000r\000\040\000\046\000\040\000D\000e\000s\000t\000r\000u\000c\000t\000o\000r\000\040\000D\000o\000c\000u\000m\000e\000n\000t\000a\000t\000i\000o\000n}{section.4.16}
\BOOKMARK [3][-]{subsubsection.4.16.1.1}{\376\377\000P\000r\000o\000t\000e\000i\000n}{subsection.4.16.1}
\BOOKMARK [3][-]{subsubsection.4.16.1.2}{\376\377\000P\000r\000o\000t\000e\000i\000n}{subsection.4.16.1}
\BOOKMARK [1][-]{section.4.17}{\376\377\000P\000T\000M\000P\000r\000o\000t\000e\000i\000n\000\040\000C\000l\000a\000s\000s\000\040\000R\000e\000f\000e\000r\000e\000n\000c\000e}{chapter.4}
\BOOKMARK [2][-]{subsection.4.17.1}{\376\377\000C\000o\000n\000s\000t\000r\000u\000c\000t\000o\000r\000\040\000\046\000\040\000D\000e\000s\000t\000r\000u\000c\000t\000o\000r\000\040\000D\000o\000c\000u\000m\000e\000n\000t\000a\000t\000i\000o\000n}{section.4.17}
\BOOKMARK [3][-]{subsubsection.4.17.1.1}{\376\377\000P\000T\000M\000P\000r\000o\000t\000e\000i\000n}{subsection.4.17.1}
\BOOKMARK [3][-]{subsubsection.4.17.1.2}{\376\377\000P\000T\000M\000P\000r\000o\000t\000e\000i\000n}{subsection.4.17.1}
\BOOKMARK [3][-]{subsubsection.4.17.1.3}{\376\377\000P\000T\000M\000P\000r\000o\000t\000e\000i\000n}{subsection.4.17.1}
\BOOKMARK [2][-]{subsection.4.17.2}{\376\377\000M\000e\000m\000b\000e\000r\000\040\000F\000u\000n\000c\000t\000i\000o\000n\000\040\000D\000o\000c\000u\000m\000e\000n\000t\000a\000t\000i\000o\000n}{section.4.17}
\BOOKMARK [3][-]{subsubsection.4.17.2.1}{\376\377\000a\000d\000d\000R\000a\000n\000d\000P\000T\000M}{subsection.4.17.2}
\BOOKMARK [3][-]{subsubsection.4.17.2.2}{\376\377\000g\000e\000t\000L\000o\000n\000g\000N\000a\000m\000e}{subsection.4.17.2}
\BOOKMARK [3][-]{subsubsection.4.17.2.3}{\376\377\000s\000e\000t\000P\000T\000M\000C\000o\000u\000n\000t}{subsection.4.17.2}
\BOOKMARK [1][-]{section.4.18}{\376\377\000R\000e\000v\000e\000r\000s\000e\000C\000o\000m\000p\000l\000e\000x\000a\000t\000i\000o\000n\000\040\000C\000l\000a\000s\000s\000\040\000R\000e\000f\000e\000r\000e\000n\000c\000e}{chapter.4}
\BOOKMARK [2][-]{subsection.4.18.1}{\376\377\000C\000o\000n\000s\000t\000r\000u\000c\000t\000o\000r\000\040\000\046\000\040\000D\000e\000s\000t\000r\000u\000c\000t\000o\000r\000\040\000D\000o\000c\000u\000m\000e\000n\000t\000a\000t\000i\000o\000n}{section.4.18}
\BOOKMARK [3][-]{subsubsection.4.18.1.1}{\376\377\000R\000e\000v\000e\000r\000s\000e\000C\000o\000m\000p\000l\000e\000x\000a\000t\000i\000o\000n}{subsection.4.18.1}
\BOOKMARK [3][-]{subsubsection.4.18.1.2}{\376\377\000R\000e\000v\000e\000r\000s\000e\000C\000o\000m\000p\000l\000e\000x\000a\000t\000i\000o\000n}{subsection.4.18.1}
\BOOKMARK [2][-]{subsection.4.18.2}{\376\377\000M\000e\000m\000b\000e\000r\000\040\000F\000u\000n\000c\000t\000i\000o\000n\000\040\000D\000o\000c\000u\000m\000e\000n\000t\000a\000t\000i\000o\000n}{section.4.18}
\BOOKMARK [3][-]{subsubsection.4.18.2.1}{\376\377\000g\000e\000t\000E\000f\000f\000e\000c\000t}{subsection.4.18.2}
\BOOKMARK [2][-]{subsection.4.18.3}{\376\377\000M\000e\000m\000b\000e\000r\000\040\000D\000a\000t\000a\000\040\000D\000o\000c\000u\000m\000e\000n\000t\000a\000t\000i\000o\000n}{section.4.18}
\BOOKMARK [3][-]{subsubsection.4.18.3.1}{\376\377\000f\000i\000r\000s\000t\000N\000o\000d\000e\000I\000D}{subsection.4.18.3}
\BOOKMARK [3][-]{subsubsection.4.18.3.2}{\376\377\000s\000e\000c\000o\000n\000d\000N\000o\000d\000e\000I\000D}{subsection.4.18.3}
\BOOKMARK [1][-]{section.4.19}{\376\377\000R\000e\000v\000e\000r\000s\000e\000P\000T\000M\000\040\000C\000l\000a\000s\000s\000\040\000R\000e\000f\000e\000r\000e\000n\000c\000e}{chapter.4}
\BOOKMARK [2][-]{subsection.4.19.1}{\376\377\000C\000o\000n\000s\000t\000r\000u\000c\000t\000o\000r\000\040\000\046\000\040\000D\000e\000s\000t\000r\000u\000c\000t\000o\000r\000\040\000D\000o\000c\000u\000m\000e\000n\000t\000a\000t\000i\000o\000n}{section.4.19}
\BOOKMARK [3][-]{subsubsection.4.19.1.1}{\376\377\000R\000e\000v\000e\000r\000s\000e\000P\000T\000M}{subsection.4.19.1}
\BOOKMARK [3][-]{subsubsection.4.19.1.2}{\376\377\000R\000e\000v\000e\000r\000s\000e\000P\000T\000M}{subsection.4.19.1}
\BOOKMARK [1][-]{section.4.20}{\376\377\000T\000e\000s\000t\000I\000n\000t\000\040\000C\000l\000a\000s\000s\000\040\000R\000e\000f\000e\000r\000e\000n\000c\000e}{chapter.4}
\BOOKMARK [2][-]{subsection.4.20.1}{\376\377\000C\000o\000n\000s\000t\000r\000u\000c\000t\000o\000r\000\040\000\046\000\040\000D\000e\000s\000t\000r\000u\000c\000t\000o\000r\000\040\000D\000o\000c\000u\000m\000e\000n\000t\000a\000t\000i\000o\000n}{section.4.20}
\BOOKMARK [3][-]{subsubsection.4.20.1.1}{\376\377\000T\000e\000s\000t\000I\000n\000t}{subsection.4.20.1}
\BOOKMARK [3][-]{subsubsection.4.20.1.2}{\376\377\000T\000e\000s\000t\000I\000n\000t}{subsection.4.20.1}
\BOOKMARK [2][-]{subsection.4.20.2}{\376\377\000M\000e\000m\000b\000e\000r\000\040\000F\000u\000n\000c\000t\000i\000o\000n\000\040\000D\000o\000c\000u\000m\000e\000n\000t\000a\000t\000i\000o\000n}{section.4.20}
\BOOKMARK [3][-]{subsubsection.4.20.2.1}{\376\377\000g\000e\000t\000E\000f\000f\000e\000c\000t}{subsection.4.20.2}
\BOOKMARK [1][-]{section.4.21}{\376\377\000T\000r\000a\000c\000e\000\040\000C\000l\000a\000s\000s\000\040\000R\000e\000f\000e\000r\000e\000n\000c\000e}{chapter.4}
\BOOKMARK [2][-]{subsection.4.21.1}{\376\377\000C\000o\000n\000s\000t\000r\000u\000c\000t\000o\000r\000\040\000\046\000\040\000D\000e\000s\000t\000r\000u\000c\000t\000o\000r\000\040\000D\000o\000c\000u\000m\000e\000n\000t\000a\000t\000i\000o\000n}{section.4.21}
\BOOKMARK [3][-]{subsubsection.4.21.1.1}{\376\377\000T\000r\000a\000c\000e}{subsection.4.21.1}
\BOOKMARK [3][-]{subsubsection.4.21.1.2}{\376\377\000T\000r\000a\000c\000e}{subsection.4.21.1}
\BOOKMARK [3][-]{subsubsection.4.21.1.3}{\376\377\000T\000r\000a\000c\000e}{subsection.4.21.1}
\BOOKMARK [2][-]{subsection.4.21.2}{\376\377\000M\000e\000m\000b\000e\000r\000\040\000F\000u\000n\000c\000t\000i\000o\000n\000\040\000D\000o\000c\000u\000m\000e\000n\000t\000a\000t\000i\000o\000n}{section.4.21}
\BOOKMARK [3][-]{subsubsection.4.21.2.1}{\376\377\000a\000d\000d\000T\000r\000a\000c\000e\000T\000y\000p\000e}{subsection.4.21.2}
\BOOKMARK [3][-]{subsubsection.4.21.2.2}{\376\377\000d\000i\000s\000a\000b\000l\000e\000T\000r\000a\000c\000e\000T\000y\000p\000e}{subsection.4.21.2}
\BOOKMARK [3][-]{subsubsection.4.21.2.3}{\376\377\000e\000n\000a\000b\000l\000e\000T\000r\000a\000c\000e\000T\000y\000p\000e}{subsection.4.21.2}
\BOOKMARK [3][-]{subsubsection.4.21.2.4}{\376\377\000g\000e\000t\000T\000r\000a\000c\000e\000F\000i\000l\000e}{subsection.4.21.2}
\BOOKMARK [3][-]{subsubsection.4.21.2.5}{\376\377\000s\000e\000t\000T\000r\000a\000c\000e\000F\000i\000l\000e}{subsection.4.21.2}
\BOOKMARK [3][-]{subsubsection.4.21.2.6}{\376\377\000t\000r\000a\000c\000e}{subsection.4.21.2}
\BOOKMARK [2][-]{subsection.4.21.3}{\376\377\000M\000e\000m\000b\000e\000r\000\040\000D\000a\000t\000a\000\040\000D\000o\000c\000u\000m\000e\000n\000t\000a\000t\000i\000o\000n}{section.4.21}
\BOOKMARK [3][-]{subsubsection.4.21.3.1}{\376\377\000t\000r\000a\000c\000e\000F\000i\000l\000e}{subsection.4.21.3}
\BOOKMARK [3][-]{subsubsection.4.21.3.2}{\376\377\000t\000r\000a\000c\000e\000T\000y\000p\000e\000s}{subsection.4.21.3}
\BOOKMARK [1][-]{section.4.22}{\376\377\000T\000r\000a\000n\000s\000c\000r\000i\000p\000t\000i\000o\000n\000\040\000C\000l\000a\000s\000s\000\040\000R\000e\000f\000e\000r\000e\000n\000c\000e}{chapter.4}
\BOOKMARK [2][-]{subsection.4.22.1}{\376\377\000C\000o\000n\000s\000t\000r\000u\000c\000t\000o\000r\000\040\000\046\000\040\000D\000e\000s\000t\000r\000u\000c\000t\000o\000r\000\040\000D\000o\000c\000u\000m\000e\000n\000t\000a\000t\000i\000o\000n}{section.4.22}
\BOOKMARK [3][-]{subsubsection.4.22.1.1}{\376\377\000T\000r\000a\000n\000s\000c\000r\000i\000p\000t\000i\000o\000n}{subsection.4.22.1}
\BOOKMARK [3][-]{subsubsection.4.22.1.2}{\376\377\000T\000r\000a\000n\000s\000c\000r\000i\000p\000t\000i\000o\000n}{subsection.4.22.1}
\BOOKMARK [2][-]{subsection.4.22.2}{\376\377\000M\000e\000m\000b\000e\000r\000\040\000F\000u\000n\000c\000t\000i\000o\000n\000\040\000D\000o\000c\000u\000m\000e\000n\000t\000a\000t\000i\000o\000n}{section.4.22}
\BOOKMARK [3][-]{subsubsection.4.22.2.1}{\376\377\000g\000e\000t\000E\000f\000f\000e\000c\000t}{subsection.4.22.2}
\BOOKMARK [1][-]{section.4.23}{\376\377\000T\000r\000a\000n\000s\000l\000a\000t\000i\000o\000n\000\040\000C\000l\000a\000s\000s\000\040\000R\000e\000f\000e\000r\000e\000n\000c\000e}{chapter.4}
\BOOKMARK [2][-]{subsection.4.23.1}{\376\377\000C\000o\000n\000s\000t\000r\000u\000c\000t\000o\000r\000\040\000\046\000\040\000D\000e\000s\000t\000r\000u\000c\000t\000o\000r\000\040\000D\000o\000c\000u\000m\000e\000n\000t\000a\000t\000i\000o\000n}{section.4.23}
\BOOKMARK [3][-]{subsubsection.4.23.1.1}{\376\377\000T\000r\000a\000n\000s\000l\000a\000t\000i\000o\000n}{subsection.4.23.1}
\BOOKMARK [3][-]{subsubsection.4.23.1.2}{\376\377\000T\000r\000a\000n\000s\000l\000a\000t\000i\000o\000n}{subsection.4.23.1}
\BOOKMARK [0][-]{chapter.5}{\376\377\000F\000i\000l\000e\000\040\000D\000o\000c\000u\000m\000e\000n\000t\000a\000t\000i\000o\000n}{}
\BOOKMARK [1][-]{section.5.1}{\376\377\000C\000e\000l\000l\000.\000c\000p\000p\000\040\000F\000i\000l\000e\000\040\000R\000e\000f\000e\000r\000e\000n\000c\000e}{chapter.5}
\BOOKMARK [1][-]{section.5.2}{\376\377\000C\000e\000l\000l\000.\000h\000\040\000F\000i\000l\000e\000\040\000R\000e\000f\000e\000r\000e\000n\000c\000e}{chapter.5}
\BOOKMARK [1][-]{section.5.3}{\376\377\000C\000u\000s\000t\000o\000m\000I\000n\000t\000e\000r\000a\000c\000t\000i\000o\000n\000s\000.\000c\000p\000p\000\040\000F\000i\000l\000e\000\040\000R\000e\000f\000e\000r\000e\000n\000c\000e}{chapter.5}
\BOOKMARK [1][-]{section.5.4}{\376\377\000C\000u\000s\000t\000o\000m\000I\000n\000t\000e\000r\000a\000c\000t\000i\000o\000n\000s\000.\000h\000\040\000F\000i\000l\000e\000\040\000R\000e\000f\000e\000r\000e\000n\000c\000e}{chapter.5}
\BOOKMARK [1][-]{section.5.5}{\376\377\000C\000u\000s\000t\000o\000m\000M\000o\000l\000e\000c\000u\000l\000e\000s\000.\000c\000p\000p\000\040\000F\000i\000l\000e\000\040\000R\000e\000f\000e\000r\000e\000n\000c\000e}{chapter.5}
\BOOKMARK [1][-]{section.5.6}{\376\377\000C\000u\000s\000t\000o\000m\000M\000o\000l\000e\000c\000u\000l\000e\000s\000.\000h\000\040\000F\000i\000l\000e\000\040\000R\000e\000f\000e\000r\000e\000n\000c\000e}{chapter.5}
\BOOKMARK [1][-]{section.5.7}{\376\377\000D\000e\000r\000i\000v\000G\000r\000a\000p\000h\000.\000c\000p\000p\000\040\000F\000i\000l\000e\000\040\000R\000e\000f\000e\000r\000e\000n\000c\000e}{chapter.5}
\BOOKMARK [1][-]{section.5.8}{\376\377\000D\000e\000r\000i\000v\000G\000r\000a\000p\000h\000.\000h\000\040\000F\000i\000l\000e\000\040\000R\000e\000f\000e\000r\000e\000n\000c\000e}{chapter.5}
\BOOKMARK [1][-]{section.5.9}{\376\377\000E\000x\000p\000e\000r\000i\000m\000e\000n\000t\000.\000c\000p\000p\000\040\000F\000i\000l\000e\000\040\000R\000e\000f\000e\000r\000e\000n\000c\000e}{chapter.5}
\BOOKMARK [1][-]{section.5.10}{\376\377\000E\000x\000p\000e\000r\000i\000m\000e\000n\000t\000.\000h\000\040\000F\000i\000l\000e\000\040\000R\000e\000f\000e\000r\000e\000n\000c\000e}{chapter.5}
\BOOKMARK [1][-]{section.5.11}{\376\377\000E\000x\000t\000e\000r\000n\000T\000r\000a\000c\000e\000.\000h\000\040\000F\000i\000l\000e\000\040\000R\000e\000f\000e\000r\000e\000n\000c\000e}{chapter.5}
\BOOKMARK [2][-]{subsection.5.11.1}{\376\377\000V\000a\000r\000i\000a\000b\000l\000e\000\040\000D\000o\000c\000u\000m\000e\000n\000t\000a\000t\000i\000o\000n}{section.5.11}
\BOOKMARK [3][-]{subsubsection.5.11.1.1}{\376\377\000t}{subsection.5.11.1}
\BOOKMARK [1][-]{section.5.12}{\376\377\000I\000n\000t\000e\000r\000a\000c\000t\000i\000o\000n\000.\000c\000p\000p\000\040\000F\000i\000l\000e\000\040\000R\000e\000f\000e\000r\000e\000n\000c\000e}{chapter.5}
\BOOKMARK [1][-]{section.5.13}{\376\377\000I\000n\000t\000e\000r\000a\000c\000t\000i\000o\000n\000.\000h\000\040\000F\000i\000l\000e\000\040\000R\000e\000f\000e\000r\000e\000n\000c\000e}{chapter.5}
\BOOKMARK [1][-]{section.5.14}{\376\377\000M\000a\000i\000n\000.\000c\000p\000p\000\040\000F\000i\000l\000e\000\040\000R\000e\000f\000e\000r\000e\000n\000c\000e}{chapter.5}
\BOOKMARK [2][-]{subsection.5.14.1}{\376\377\000F\000u\000n\000c\000t\000i\000o\000n\000\040\000D\000o\000c\000u\000m\000e\000n\000t\000a\000t\000i\000o\000n}{section.5.14}
\BOOKMARK [3][-]{subsubsection.5.14.1.1}{\376\377\000m\000a\000i\000n}{subsection.5.14.1}
\BOOKMARK [2][-]{subsection.5.14.2}{\376\377\000V\000a\000r\000i\000a\000b\000l\000e\000\040\000D\000o\000c\000u\000m\000e\000n\000t\000a\000t\000i\000o\000n}{section.5.14}
\BOOKMARK [3][-]{subsubsection.5.14.2.1}{\376\377\000t}{subsection.5.14.2}
\BOOKMARK [1][-]{section.5.15}{\376\377\000M\000o\000l\000e\000c\000u\000l\000e\000.\000c\000p\000p\000\040\000F\000i\000l\000e\000\040\000R\000e\000f\000e\000r\000e\000n\000c\000e}{chapter.5}
\BOOKMARK [1][-]{section.5.16}{\376\377\000M\000o\000l\000e\000c\000u\000l\000e\000.\000h\000\040\000F\000i\000l\000e\000\040\000R\000e\000f\000e\000r\000e\000n\000c\000e}{chapter.5}
\BOOKMARK [1][-]{section.5.17}{\376\377\000M\000o\000l\000e\000c\000u\000l\000e\000T\000y\000p\000e\000.\000h\000\040\000F\000i\000l\000e\000\040\000R\000e\000f\000e\000r\000e\000n\000c\000e}{chapter.5}
\BOOKMARK [1][-]{section.5.18}{\376\377\000T\000r\000a\000c\000e\000.\000c\000p\000p\000\040\000F\000i\000l\000e\000\040\000R\000e\000f\000e\000r\000e\000n\000c\000e}{chapter.5}
\BOOKMARK [1][-]{section.5.19}{\376\377\000T\000r\000a\000c\000e\000.\000h\000\040\000F\000i\000l\000e\000\040\000R\000e\000f\000e\000r\000e\000n\000c\000e}{chapter.5}
