This is pdfTeXk, Version 3.141592-1.40.3 (Web2C 7.5.6) (format=pdflatex 2010.7.27)  29 JUN 2011 12:29
entering extended mode
 %&-line parsing enabled.
**refman.tex
(./refman.tex
LaTeX2e <2005/12/01>
Babel <v3.8h> and hyphenation patterns for english, usenglishmax, dumylang, noh
yphenation, arabic, basque, bulgarian, coptic, welsh, czech, slovak, german, ng
erman, danish, esperanto, spanish, catalan, galician, estonian, farsi, finnish,
 french, greek, monogreek, ancientgreek, croatian, hungarian, interlingua, ibyc
us, indonesian, icelandic, italian, latin, mongolian, dutch, norsk, polish, por
tuguese, pinyin, romanian, russian, slovenian, uppersorbian, serbian, swedish, 
turkish, ukenglish, ukrainian, loaded.
(/usr/share/texmf/tex/latex/base/book.cls
Document Class: book 2005/09/16 v1.4f Standard LaTeX document class
(/usr/share/texmf/tex/latex/base/bk10.clo
File: bk10.clo 2005/09/16 v1.4f Standard LaTeX file (size option)
)
\c@part=\count79
\c@chapter=\count80
\c@section=\count81
\c@subsection=\count82
\c@subsubsection=\count83
\c@paragraph=\count84
\c@subparagraph=\count85
\c@figure=\count86
\c@table=\count87
\abovecaptionskip=\skip41
\belowcaptionskip=\skip42
\bibindent=\dimen102
)
(/usr/share/texmf/tex/latex/ltxmisc/a4wide.sty
Package: a4wide 1994/08/30

(/usr/share/texmf/tex/latex/ntgclass/a4.sty
Package: a4 2004/04/15 v1.2g A4 based page layout
))
(/usr/share/texmf/tex/latex/base/makeidx.sty
Package: makeidx 2000/03/29 v1.0m Standard LaTeX package
)
(/usr/share/texmf/tex/latex/graphics/graphicx.sty
Package: graphicx 1999/02/16 v1.0f Enhanced LaTeX Graphics (DPC,SPQR)

(/usr/share/texmf/tex/latex/graphics/keyval.sty
Package: keyval 1999/03/16 v1.13 key=value parser (DPC)
\KV@toks@=\toks14
)
(/usr/share/texmf/tex/latex/graphics/graphics.sty
Package: graphics 2006/02/20 v1.0o Standard LaTeX Graphics (DPC,SPQR)

(/usr/share/texmf/tex/latex/graphics/trig.sty
Package: trig 1999/03/16 v1.09 sin cos tan (DPC)
)
(/usr/share/texmf/tex/latex/config/graphics.cfg
File: graphics.cfg 2007/01/18 v1.5 graphics configuration of teTeX/TeXLive
)
Package graphics Info: Driver file: pdftex.def on input line 90.

(/usr/share/texmf/tex/latex/pdftex-def/pdftex.def
File: pdftex.def 2007/01/08 v0.04d Graphics/color for pdfTeX
\Gread@gobject=\count88
))
\Gin@req@height=\dimen103
\Gin@req@width=\dimen104
)
(/usr/share/texmf/tex/latex/tools/multicol.sty
Package: multicol 2006/05/18 v1.6g multicolumn formatting (FMi)
\c@tracingmulticols=\count89
\mult@box=\box26
\multicol@leftmargin=\dimen105
\c@unbalance=\count90
\c@collectmore=\count91
\doublecol@number=\count92
\multicoltolerance=\count93
\multicolpretolerance=\count94
\full@width=\dimen106
\page@free=\dimen107
\premulticols=\dimen108
\postmulticols=\dimen109
\multicolsep=\skip43
\multicolbaselineskip=\skip44
\partial@page=\box27
\last@line=\box28
\mult@rightbox=\box29
\mult@grightbox=\box30
\mult@gfirstbox=\box31
\mult@firstbox=\box32
\@tempa=\box33
\@tempa=\box34
\@tempa=\box35
\@tempa=\box36
\@tempa=\box37
\@tempa=\box38
\@tempa=\box39
\@tempa=\box40
\@tempa=\box41
\@tempa=\box42
\@tempa=\box43
\@tempa=\box44
\@tempa=\box45
\@tempa=\box46
\@tempa=\box47
\@tempa=\box48
\@tempa=\box49
\c@columnbadness=\count95
\c@finalcolumnbadness=\count96
\last@try=\dimen110
\multicolovershoot=\dimen111
\multicolundershoot=\dimen112
\mult@nat@firstbox=\box50
\colbreak@box=\box51
)
(/usr/share/texmf/tex/latex/float/float.sty
Package: float 2001/11/08 v1.3d Float enhancements (AL)
\c@float@type=\count97
\float@exts=\toks15
\float@box=\box52
\@float@everytoks=\toks16
\@floatcapt=\box53
)
(/usr/share/texmf/tex/latex/listings/listings.sty
\lst@mode=\count98
\lst@gtempboxa=\box54
\lst@token=\toks17
\lst@length=\count99
\lst@currlwidth=\dimen113
\lst@column=\count100
\lst@pos=\count101
\lst@lostspace=\dimen114
\lst@width=\dimen115
\lst@newlines=\count102
\lst@lineno=\count103
\c@lstlisting=\count104
\lst@maxwidth=\dimen116

(/usr/share/texmf/tex/latex/listings/lstpatch.sty
File: lstpatch.sty 2004/10/17 1.3b (Carsten Heinz)
)
(/usr/share/texmf/tex/latex/listings/lstmisc.sty
File: lstmisc.sty 2004/09/07 1.3 (Carsten Heinz)
\c@lstnumber=\count105
\lst@skipnumbers=\count106
\lst@framebox=\box55
)
(/usr/share/texmf/tex/latex/listings/listings.cfg
File: listings.cfg 2004/09/05 1.3 listings configuration
))
Package: listings 2004/10/17 1.3b (Carsten Heinz)

(/usr/share/texmf/tex/latex/graphics/color.sty
Package: color 2005/11/14 v1.0j Standard LaTeX Color (DPC)

(/usr/share/texmf/tex/latex/config/color.cfg
File: color.cfg 2007/01/18 v1.5 color configuration of teTeX/TeXLive
)
Package color Info: Driver file: pdftex.def on input line 130.
)
(/usr/share/texmf/tex/latex/base/textcomp.sty
Package: textcomp 2005/09/27 v1.99g Standard LaTeX package
Package textcomp Info: Sub-encoding information:
(textcomp)               5 = only ISO-Adobe without \textcurrency
(textcomp)               4 = 5 + \texteuro
(textcomp)               3 = 4 + \textohm
(textcomp)               2 = 3 + \textestimated + \textcurrency
(textcomp)               1 = TS1 - \textcircled - \t
(textcomp)               0 = TS1 (full)
(textcomp)             Font families with sub-encoding setting implement
(textcomp)             only a restricted character set as indicated.
(textcomp)             Family '?' is the default used for unknown fonts.
(textcomp)             See the documentation for details.
Package textcomp Info: Setting ? sub-encoding to TS1/1 on input line 71.

(/usr/share/texmf/tex/latex/base/ts1enc.def
File: ts1enc.def 2001/06/05 v3.0e (jk/car/fm) Standard LaTeX file
)
LaTeX Info: Redefining \oldstylenums on input line 266.
Package textcomp Info: Setting cmr sub-encoding to TS1/0 on input line 281.
Package textcomp Info: Setting cmss sub-encoding to TS1/0 on input line 282.
Package textcomp Info: Setting cmtt sub-encoding to TS1/0 on input line 283.
Package textcomp Info: Setting cmvtt sub-encoding to TS1/0 on input line 284.
Package textcomp Info: Setting cmbr sub-encoding to TS1/0 on input line 285.
Package textcomp Info: Setting cmtl sub-encoding to TS1/0 on input line 286.
Package textcomp Info: Setting ccr sub-encoding to TS1/0 on input line 287.
Package textcomp Info: Setting ptm sub-encoding to TS1/4 on input line 288.
Package textcomp Info: Setting pcr sub-encoding to TS1/4 on input line 289.
Package textcomp Info: Setting phv sub-encoding to TS1/4 on input line 290.
Package textcomp Info: Setting ppl sub-encoding to TS1/3 on input line 291.
Package textcomp Info: Setting pag sub-encoding to TS1/4 on input line 292.
Package textcomp Info: Setting pbk sub-encoding to TS1/4 on input line 293.
Package textcomp Info: Setting pnc sub-encoding to TS1/4 on input line 294.
Package textcomp Info: Setting pzc sub-encoding to TS1/4 on input line 295.
Package textcomp Info: Setting bch sub-encoding to TS1/4 on input line 296.
Package textcomp Info: Setting put sub-encoding to TS1/5 on input line 297.
Package textcomp Info: Setting uag sub-encoding to TS1/5 on input line 298.
Package textcomp Info: Setting ugq sub-encoding to TS1/5 on input line 299.
Package textcomp Info: Setting ul8 sub-encoding to TS1/4 on input line 300.
Package textcomp Info: Setting ul9 sub-encoding to TS1/4 on input line 301.
Package textcomp Info: Setting augie sub-encoding to TS1/5 on input line 302.
Package textcomp Info: Setting dayrom sub-encoding to TS1/3 on input line 303.
Package textcomp Info: Setting dayroms sub-encoding to TS1/3 on input line 304.

Package textcomp Info: Setting pxr sub-encoding to TS1/0 on input line 305.
Package textcomp Info: Setting pxss sub-encoding to TS1/0 on input line 306.
Package textcomp Info: Setting pxtt sub-encoding to TS1/0 on input line 307.
Package textcomp Info: Setting txr sub-encoding to TS1/0 on input line 308.
Package textcomp Info: Setting txss sub-encoding to TS1/0 on input line 309.
Package textcomp Info: Setting txtt sub-encoding to TS1/0 on input line 310.
Package textcomp Info: Setting futs sub-encoding to TS1/4 on input line 311.
Package textcomp Info: Setting futx sub-encoding to TS1/4 on input line 312.
Package textcomp Info: Setting futj sub-encoding to TS1/4 on input line 313.
Package textcomp Info: Setting hlh sub-encoding to TS1/3 on input line 314.
Package textcomp Info: Setting hls sub-encoding to TS1/3 on input line 315.
Package textcomp Info: Setting hlst sub-encoding to TS1/3 on input line 316.
Package textcomp Info: Setting hlct sub-encoding to TS1/5 on input line 317.
Package textcomp Info: Setting hlx sub-encoding to TS1/5 on input line 318.
Package textcomp Info: Setting hlce sub-encoding to TS1/5 on input line 319.
Package textcomp Info: Setting hlcn sub-encoding to TS1/5 on input line 320.
Package textcomp Info: Setting hlcw sub-encoding to TS1/5 on input line 321.
Package textcomp Info: Setting hlcf sub-encoding to TS1/5 on input line 322.
Package textcomp Info: Setting pplx sub-encoding to TS1/3 on input line 323.
Package textcomp Info: Setting pplj sub-encoding to TS1/3 on input line 324.
Package textcomp Info: Setting ptmx sub-encoding to TS1/4 on input line 325.
Package textcomp Info: Setting ptmj sub-encoding to TS1/4 on input line 326.
)
(/usr/share/texmf/tex/latex/base/alltt.sty
Package: alltt 1997/06/16 v2.0g defines alltt environment
)
(/usr/share/texmf/tex/latex/psnfss/times.sty
Package: times 2005/04/12 PSNFSS-v9.2a (SPQR) 
)
(/usr/share/texmf/tex/generic/oberdiek/ifpdf.sty
Package: ifpdf 2006/02/20 v1.4 Provides the ifpdf switch (HO)
Package ifpdf Info: pdfTeX in pdf mode detected.
)
(/usr/share/texmf/tex/latex/hyperref/hyperref.sty
Package: hyperref 2007/02/07 v6.75r Hypertext links for LaTeX
\@linkdim=\dimen117
\Hy@linkcounter=\count107
\Hy@pagecounter=\count108

(/usr/share/texmf/tex/latex/hyperref/pd1enc.def
File: pd1enc.def 2007/02/07 v6.75r Hyperref: PDFDocEncoding definition (HO)
)
(/usr/share/texmf/tex/latex/config/hyperref.cfg
File: hyperref.cfg 2002/06/06 v1.2 hyperref configuration of TeXLive
)
(/usr/share/texmf/tex/latex/oberdiek/kvoptions.sty
Package: kvoptions 2006/08/22 v2.4 Connects package keyval with LaTeX options (
HO)
)
Package hyperref Info: Option `colorlinks' set `true' on input line 2238.
Package hyperref Info: Option `unicode' set `true' on input line 2238.

(/usr/share/texmf/tex/latex/hyperref/puenc.def
File: puenc.def 2007/02/07 v6.75r Hyperref: PDF Unicode definition (HO)
)
Package hyperref Info: Hyper figures OFF on input line 2288.
Package hyperref Info: Link nesting OFF on input line 2293.
Package hyperref Info: Hyper index ON on input line 2296.
Package hyperref Info: Plain pages OFF on input line 2303.
Package hyperref Info: Backreferencing ON on input line 2306.

Implicit mode ON; LaTeX internals redefined
Package hyperref Info: Bookmarks ON on input line 2444.
(/usr/share/texmf/tex/latex/hyperref/backref.sty
Package: backref 2006/10/06 v1.27 Bibliographical back referencing
)
(/usr/share/texmf/tex/latex/ltxmisc/url.sty
\Urlmuskip=\muskip10
Package: url 2005/06/27  ver 3.2  Verb mode for urls, etc.
)
LaTeX Info: Redefining \url on input line 2599.
\Fld@menulength=\count109
\Field@Width=\dimen118
\Fld@charsize=\dimen119
\Choice@toks=\toks18
\Field@toks=\toks19
Package hyperref Info: Hyper figures OFF on input line 3102.
Package hyperref Info: Link nesting OFF on input line 3107.
Package hyperref Info: Hyper index ON on input line 3110.
Package hyperref Info: backreferencing ON on input line 3115.
Package hyperref Info: Link coloring ON on input line 3120.
\Hy@abspage=\count110
\c@Item=\count111
\c@Hfootnote=\count112
)
*hyperref using driver hpdftex*
(/usr/share/texmf/tex/latex/hyperref/hpdftex.def
File: hpdftex.def 2007/02/07 v6.75r Hyperref driver for pdfTeX
\Fld@listcount=\count113
)
(/usr/share/texmf/tex/latex/base/inputenc.sty
Package: inputenc 2006/05/05 v1.1b Input encoding file
\inpenc@prehook=\toks20
\inpenc@posthook=\toks21

(/usr/share/texmf/tex/latex/base/utf8.def
File: utf8.def 2006/03/30 v1.1i UTF-8 support for inputenc
Now handling font encoding OML ...
... no UTF-8 mapping file for font encoding OML
Now handling font encoding T1 ...
... processing UTF-8 mapping file for font encodingT1

(/usr/share/texmf/tex/latex/base/t1enc.dfu
File: t1enc.dfu 2006/03/30 v1.1i UTF-8 support for inputenc
   defining Unicode char U+00A1 (decimal 161)
   defining Unicode char U+00A3 (decimal 163)
   defining Unicode char U+00AB (decimal 171)
   defining Unicode char U+00BB (decimal 187)
   defining Unicode char U+00BF (decimal 191)
   defining Unicode char U+00C0 (decimal 192)
   defining Unicode char U+00C1 (decimal 193)
   defining Unicode char U+00C2 (decimal 194)
   defining Unicode char U+00C3 (decimal 195)
   defining Unicode char U+00C4 (decimal 196)
   defining Unicode char U+00C5 (decimal 197)
   defining Unicode char U+00C6 (decimal 198)
   defining Unicode char U+00C7 (decimal 199)
   defining Unicode char U+00C8 (decimal 200)
   defining Unicode char U+00C9 (decimal 201)
   defining Unicode char U+00CA (decimal 202)
   defining Unicode char U+00CB (decimal 203)
   defining Unicode char U+00CC (decimal 204)
   defining Unicode char U+00CD (decimal 205)
   defining Unicode char U+00CE (decimal 206)
   defining Unicode char U+00CF (decimal 207)
   defining Unicode char U+00D0 (decimal 208)
   defining Unicode char U+00D1 (decimal 209)
   defining Unicode char U+00D2 (decimal 210)
   defining Unicode char U+00D3 (decimal 211)
   defining Unicode char U+00D4 (decimal 212)
   defining Unicode char U+00D5 (decimal 213)
   defining Unicode char U+00D6 (decimal 214)
   defining Unicode char U+00D8 (decimal 216)
   defining Unicode char U+00D9 (decimal 217)
   defining Unicode char U+00DA (decimal 218)
   defining Unicode char U+00DB (decimal 219)
   defining Unicode char U+00DC (decimal 220)
   defining Unicode char U+00DD (decimal 221)
   defining Unicode char U+00DE (decimal 222)
   defining Unicode char U+00DF (decimal 223)
   defining Unicode char U+00E0 (decimal 224)
   defining Unicode char U+00E1 (decimal 225)
   defining Unicode char U+00E2 (decimal 226)
   defining Unicode char U+00E3 (decimal 227)
   defining Unicode char U+00E4 (decimal 228)
   defining Unicode char U+00E5 (decimal 229)
   defining Unicode char U+00E6 (decimal 230)
   defining Unicode char U+00E7 (decimal 231)
   defining Unicode char U+00E8 (decimal 232)
   defining Unicode char U+00E9 (decimal 233)
   defining Unicode char U+00EA (decimal 234)
   defining Unicode char U+00EB (decimal 235)
   defining Unicode char U+00EC (decimal 236)
   defining Unicode char U+00ED (decimal 237)
   defining Unicode char U+00EE (decimal 238)
   defining Unicode char U+00EF (decimal 239)
   defining Unicode char U+00F0 (decimal 240)
   defining Unicode char U+00F1 (decimal 241)
   defining Unicode char U+00F2 (decimal 242)
   defining Unicode char U+00F3 (decimal 243)
   defining Unicode char U+00F4 (decimal 244)
   defining Unicode char U+00F5 (decimal 245)
   defining Unicode char U+00F6 (decimal 246)
   defining Unicode char U+00F8 (decimal 248)
   defining Unicode char U+00F9 (decimal 249)
   defining Unicode char U+00FA (decimal 250)
   defining Unicode char U+00FB (decimal 251)
   defining Unicode char U+00FC (decimal 252)
   defining Unicode char U+00FD (decimal 253)
   defining Unicode char U+00FE (decimal 254)
   defining Unicode char U+00FF (decimal 255)
   defining Unicode char U+0102 (decimal 258)
   defining Unicode char U+0103 (decimal 259)
   defining Unicode char U+0104 (decimal 260)
   defining Unicode char U+0105 (decimal 261)
   defining Unicode char U+0106 (decimal 262)
   defining Unicode char U+0107 (decimal 263)
   defining Unicode char U+010C (decimal 268)
   defining Unicode char U+010D (decimal 269)
   defining Unicode char U+010E (decimal 270)
   defining Unicode char U+010F (decimal 271)
   defining Unicode char U+0110 (decimal 272)
   defining Unicode char U+0111 (decimal 273)
   defining Unicode char U+0118 (decimal 280)
   defining Unicode char U+0119 (decimal 281)
   defining Unicode char U+011A (decimal 282)
   defining Unicode char U+011B (decimal 283)
   defining Unicode char U+011E (decimal 286)
   defining Unicode char U+011F (decimal 287)
   defining Unicode char U+0130 (decimal 304)
   defining Unicode char U+0131 (decimal 305)
   defining Unicode char U+0132 (decimal 306)
   defining Unicode char U+0133 (decimal 307)
   defining Unicode char U+0139 (decimal 313)
   defining Unicode char U+013A (decimal 314)
   defining Unicode char U+013D (decimal 317)
   defining Unicode char U+013E (decimal 318)
   defining Unicode char U+0141 (decimal 321)
   defining Unicode char U+0142 (decimal 322)
   defining Unicode char U+0143 (decimal 323)
   defining Unicode char U+0144 (decimal 324)
   defining Unicode char U+0147 (decimal 327)
   defining Unicode char U+0148 (decimal 328)
   defining Unicode char U+014A (decimal 330)
   defining Unicode char U+014B (decimal 331)
   defining Unicode char U+0150 (decimal 336)
   defining Unicode char U+0151 (decimal 337)
   defining Unicode char U+0152 (decimal 338)
   defining Unicode char U+0153 (decimal 339)
   defining Unicode char U+0154 (decimal 340)
   defining Unicode char U+0155 (decimal 341)
   defining Unicode char U+0158 (decimal 344)
   defining Unicode char U+0159 (decimal 345)
   defining Unicode char U+015A (decimal 346)
   defining Unicode char U+015B (decimal 347)
   defining Unicode char U+015E (decimal 350)
   defining Unicode char U+015F (decimal 351)
   defining Unicode char U+0160 (decimal 352)
   defining Unicode char U+0161 (decimal 353)
   defining Unicode char U+0162 (decimal 354)
   defining Unicode char U+0163 (decimal 355)
   defining Unicode char U+0164 (decimal 356)
   defining Unicode char U+0165 (decimal 357)
   defining Unicode char U+016E (decimal 366)
   defining Unicode char U+016F (decimal 367)
   defining Unicode char U+0170 (decimal 368)
   defining Unicode char U+0171 (decimal 369)
   defining Unicode char U+0178 (decimal 376)
   defining Unicode char U+0179 (decimal 377)
   defining Unicode char U+017A (decimal 378)
   defining Unicode char U+017B (decimal 379)
   defining Unicode char U+017C (decimal 380)
   defining Unicode char U+017D (decimal 381)
   defining Unicode char U+017E (decimal 382)
   defining Unicode char U+200C (decimal 8204)
   defining Unicode char U+2013 (decimal 8211)
   defining Unicode char U+2014 (decimal 8212)
   defining Unicode char U+2018 (decimal 8216)
   defining Unicode char U+2019 (decimal 8217)
   defining Unicode char U+201A (decimal 8218)
   defining Unicode char U+201C (decimal 8220)
   defining Unicode char U+201D (decimal 8221)
   defining Unicode char U+201E (decimal 8222)
   defining Unicode char U+2030 (decimal 8240)
   defining Unicode char U+2031 (decimal 8241)
   defining Unicode char U+2039 (decimal 8249)
   defining Unicode char U+203A (decimal 8250)
   defining Unicode char U+2423 (decimal 9251)
)
Now handling font encoding OT1 ...
... processing UTF-8 mapping file for font encodingOT1

(/usr/share/texmf/tex/latex/base/ot1enc.dfu
File: ot1enc.dfu 2006/03/30 v1.1i UTF-8 support for inputenc
   defining Unicode char U+00A1 (decimal 161)
   defining Unicode char U+00A3 (decimal 163)
   defining Unicode char U+00B8 (decimal 184)
   defining Unicode char U+00BF (decimal 191)
   defining Unicode char U+00C5 (decimal 197)
   defining Unicode char U+00C6 (decimal 198)
   defining Unicode char U+00D8 (decimal 216)
   defining Unicode char U+00DF (decimal 223)
   defining Unicode char U+00E6 (decimal 230)
   defining Unicode char U+00EC (decimal 236)
   defining Unicode char U+00ED (decimal 237)
   defining Unicode char U+00EE (decimal 238)
   defining Unicode char U+00EF (decimal 239)
   defining Unicode char U+00F8 (decimal 248)
   defining Unicode char U+0131 (decimal 305)
   defining Unicode char U+0141 (decimal 321)
   defining Unicode char U+0142 (decimal 322)
   defining Unicode char U+0152 (decimal 338)
   defining Unicode char U+0153 (decimal 339)
   defining Unicode char U+2013 (decimal 8211)
   defining Unicode char U+2014 (decimal 8212)
   defining Unicode char U+2018 (decimal 8216)
   defining Unicode char U+2019 (decimal 8217)
   defining Unicode char U+201C (decimal 8220)
   defining Unicode char U+201D (decimal 8221)
)
Now handling font encoding OMS ...
... processing UTF-8 mapping file for font encodingOMS

(/usr/share/texmf/tex/latex/base/omsenc.dfu
File: omsenc.dfu 2006/03/30 v1.1i UTF-8 support for inputenc
   defining Unicode char U+00A7 (decimal 167)
   defining Unicode char U+00B6 (decimal 182)
   defining Unicode char U+00B7 (decimal 183)
   defining Unicode char U+2020 (decimal 8224)
   defining Unicode char U+2021 (decimal 8225)
   defining Unicode char U+2022 (decimal 8226)
)
Now handling font encoding OMX ...
... no UTF-8 mapping file for font encoding OMX
Now handling font encoding U ...
... no UTF-8 mapping file for font encoding U
Now handling font encoding TS1 ...
... processing UTF-8 mapping file for font encodingTS1

(/usr/share/texmf/tex/latex/base/ts1enc.dfu
File: ts1enc.dfu 2006/03/30 v1.1i UTF-8 support for inputenc
   defining Unicode char U+00A2 (decimal 162)
   defining Unicode char U+00A3 (decimal 163)
   defining Unicode char U+00A4 (decimal 164)
   defining Unicode char U+00A5 (decimal 165)
   defining Unicode char U+00A6 (decimal 166)
   defining Unicode char U+00A7 (decimal 167)
   defining Unicode char U+00A8 (decimal 168)
   defining Unicode char U+00A9 (decimal 169)
   defining Unicode char U+00AA (decimal 170)
   defining Unicode char U+00AC (decimal 172)
   defining Unicode char U+00AE (decimal 174)
   defining Unicode char U+00AF (decimal 175)
   defining Unicode char U+00B0 (decimal 176)
   defining Unicode char U+00B1 (decimal 177)
   defining Unicode char U+00B2 (decimal 178)
   defining Unicode char U+00B3 (decimal 179)
   defining Unicode char U+00B4 (decimal 180)
   defining Unicode char U+00B5 (decimal 181)
   defining Unicode char U+00B6 (decimal 182)
   defining Unicode char U+00B7 (decimal 183)
   defining Unicode char U+00B9 (decimal 185)
   defining Unicode char U+00BA (decimal 186)
   defining Unicode char U+00BC (decimal 188)
   defining Unicode char U+00BD (decimal 189)
   defining Unicode char U+00BE (decimal 190)
   defining Unicode char U+00D7 (decimal 215)
   defining Unicode char U+00F7 (decimal 247)
   defining Unicode char U+0192 (decimal 402)
   defining Unicode char U+02C7 (decimal 711)
   defining Unicode char U+02D8 (decimal 728)
   defining Unicode char U+02DD (decimal 733)
   defining Unicode char U+0E3F (decimal 3647)
   defining Unicode char U+2016 (decimal 8214)
   defining Unicode char U+2020 (decimal 8224)
   defining Unicode char U+2021 (decimal 8225)
   defining Unicode char U+2022 (decimal 8226)
   defining Unicode char U+2030 (decimal 8240)
   defining Unicode char U+2031 (decimal 8241)
   defining Unicode char U+203B (decimal 8251)
   defining Unicode char U+203D (decimal 8253)
   defining Unicode char U+2044 (decimal 8260)
   defining Unicode char U+204E (decimal 8270)
   defining Unicode char U+2052 (decimal 8274)
   defining Unicode char U+20A1 (decimal 8353)
   defining Unicode char U+20A4 (decimal 8356)
   defining Unicode char U+20A6 (decimal 8358)
   defining Unicode char U+20A9 (decimal 8361)
   defining Unicode char U+20AB (decimal 8363)
   defining Unicode char U+20AC (decimal 8364)
   defining Unicode char U+20B1 (decimal 8369)
   defining Unicode char U+2103 (decimal 8451)
   defining Unicode char U+2116 (decimal 8470)
   defining Unicode char U+2117 (decimal 8471)
   defining Unicode char U+211E (decimal 8478)
   defining Unicode char U+2120 (decimal 8480)
   defining Unicode char U+2122 (decimal 8482)
   defining Unicode char U+2126 (decimal 8486)
   defining Unicode char U+2127 (decimal 8487)
   defining Unicode char U+212E (decimal 8494)
   defining Unicode char U+2190 (decimal 8592)
   defining Unicode char U+2191 (decimal 8593)
   defining Unicode char U+2192 (decimal 8594)
   defining Unicode char U+2193 (decimal 8595)
   defining Unicode char U+2329 (decimal 9001)
   defining Unicode char U+232A (decimal 9002)
   defining Unicode char U+2422 (decimal 9250)
   defining Unicode char U+25E6 (decimal 9702)
   defining Unicode char U+25EF (decimal 9711)
   defining Unicode char U+266A (decimal 9834)
)
Now handling font encoding PD1 ...
... no UTF-8 mapping file for font encoding PD1
Now handling font encoding PU ...
... no UTF-8 mapping file for font encoding PU
   defining Unicode char U+00A9 (decimal 169)
   defining Unicode char U+00AA (decimal 170)
   defining Unicode char U+00AE (decimal 174)
   defining Unicode char U+00BA (decimal 186)
   defining Unicode char U+02C6 (decimal 710)
   defining Unicode char U+02DC (decimal 732)
   defining Unicode char U+200C (decimal 8204)
   defining Unicode char U+2026 (decimal 8230)
   defining Unicode char U+2122 (decimal 8482)
   defining Unicode char U+2423 (decimal 9251)
)) (./doxygen.sty
Package: doxygen 

(/usr/share/texmf/tex/latex/tools/array.sty
Package: array 2005/08/23 v2.4b Tabular extension package (FMi)
\col@sep=\dimen120
\extrarowheight=\dimen121
\NC@list=\toks22
\extratabsurround=\skip45
\backup@length=\skip46
)
(/usr/share/texmf/tex/latex/tools/calc.sty
Package: calc 2005/08/06 v4.2 Infix arithmetic (KKT,FJ)
\calc@Acount=\count114
\calc@Bcount=\count115
\calc@Adimen=\dimen122
\calc@Bdimen=\dimen123
\calc@Askip=\skip47
\calc@Bskip=\skip48
LaTeX Info: Redefining \setlength on input line 75.
LaTeX Info: Redefining \addtolength on input line 76.
\calc@Ccount=\count116
\calc@Cskip=\skip49
)
(/usr/share/texmf/tex/latex/fancyhdr/fancyhdr.sty
\fancy@headwidth=\skip50
\f@ncyO@elh=\skip51
\f@ncyO@erh=\skip52
\f@ncyO@olh=\skip53
\f@ncyO@orh=\skip54
\f@ncyO@elf=\skip55
\f@ncyO@erf=\skip56
\f@ncyO@olf=\skip57
\f@ncyO@orf=\skip58
)
(/usr/share/texmf/tex/latex/tools/verbatim.sty
Package: verbatim 2003/08/22 v1.5q LaTeX2e package for verbatim enhancements
\every@verbatim=\toks23
\verbatim@line=\toks24
\verbatim@in@stream=\read1
)
\tmplength=\skip59

(/usr/share/texmf/tex/latex/base/fontenc.sty
Package: fontenc 2005/09/27 v1.99g Standard LaTeX package

(/usr/share/texmf/tex/latex/base/t1enc.def
File: t1enc.def 2005/09/27 v1.99g Standard LaTeX file
LaTeX Font Info:    Redeclaring font encoding T1 on input line 43.
)))
(/usr/share/texmf/tex/latex/listings/lstlang1.sty
File: lstlang1.sty 2004/09/05 1.3 listings language file
)
(/usr/share/texmf/tex/latex/listings/lstlang1.sty
File: lstlang1.sty 2004/09/05 1.3 listings language file
)
(/usr/share/texmf/tex/latex/listings/lstmisc.sty
File: lstmisc.sty 2004/09/07 1.3 (Carsten Heinz)
)
\@indexfile=\write3
\openout3 = `refman.idx'.


Writing index file refman.idx
(./refman.aux (./structcmp__str.aux) (./classComplex.aux)
(./classDegradation.aux) (./classDerivGraph.aux) (./classDNA.aux)
(./classExperiment.aux) (./classForwardComplexation.aux) (./classForwardPTM.aux
) (./classInteraction.aux) (./classMolecule.aux) (./classMoleculeType.aux)
(./classmRNA.aux) (./classMTRand.aux) (./classNullNode.aux)
(./classPromoterBind.aux) (./classProtein.aux) (./classPTMProtein.aux)
(./classReverseComplexation.aux) (./classReversePTM.aux) (./classTestInt.aux)
(./classTrace.aux) (./classTranscription.aux) (./classTranslation.aux)
(./Cell_8h.aux) (./CustomInteractions_8cpp.aux) (./CustomInteractions_8h.aux)
(./CustomMolecules_8cpp.aux) (./CustomMolecules_8h.aux) (./DerivGraph_8cpp.aux)
(./DerivGraph_8h.aux) (./Experiment_8cpp.aux) (./Experiment_8h.aux)
(./ExternTrace_8h.aux) (./Interaction_8cpp.aux) (./Interaction_8h.aux)
(./Main_8cpp.aux) (./MersenneTwister_8h.aux) (./Molecule_8cpp.aux)
(./Molecule_8h.aux) (./MoleculeType_8h.aux) (./Trace_8cpp.aux) (./Trace_8h.aux)
)
\openout1 = `refman.aux'.

LaTeX Font Info:    Checking defaults for OML/cmm/m/it on input line 35.
LaTeX Font Info:    ... okay on input line 35.
LaTeX Font Info:    Checking defaults for T1/cmr/m/n on input line 35.
LaTeX Font Info:    ... okay on input line 35.
LaTeX Font Info:    Checking defaults for OT1/cmr/m/n on input line 35.
LaTeX Font Info:    ... okay on input line 35.
LaTeX Font Info:    Checking defaults for OMS/cmsy/m/n on input line 35.
LaTeX Font Info:    ... okay on input line 35.
LaTeX Font Info:    Checking defaults for OMX/cmex/m/n on input line 35.
LaTeX Font Info:    ... okay on input line 35.
LaTeX Font Info:    Checking defaults for U/cmr/m/n on input line 35.
LaTeX Font Info:    ... okay on input line 35.
LaTeX Font Info:    Checking defaults for TS1/cmr/m/n on input line 35.
LaTeX Font Info:    Try loading font information for TS1+cmr on input line 35.
 (/usr/share/texmf/tex/latex/base/ts1cmr.fd
File: ts1cmr.fd 1999/05/25 v2.5h Standard LaTeX font definitions
)
LaTeX Font Info:    ... okay on input line 35.
LaTeX Font Info:    Checking defaults for PD1/pdf/m/n on input line 35.
LaTeX Font Info:    ... okay on input line 35.
LaTeX Font Info:    Checking defaults for PU/pdf/m/n on input line 35.
LaTeX Font Info:    ... okay on input line 35.
LaTeX Font Info:    Try loading font information for T1+ptm on input line 35.

(/usr/share/texmf/tex/latex/psnfss/t1ptm.fd
File: t1ptm.fd 2001/06/04 font definitions for T1/ptm.
)
Package hyperref Info: Link coloring ON on input line 35.

(/usr/share/texmf/tex/latex/hyperref/nameref.sty
Package: nameref 2006/12/27 v2.28 Cross-referencing by name of section

(/usr/share/texmf/tex/latex/oberdiek/refcount.sty
Package: refcount 2006/02/20 v3.0 Data extraction from references (HO)
)
\c@section@level=\count117
)
LaTeX Info: Redefining \ref on input line 35.
LaTeX Info: Redefining \pageref on input line 35.
 (./refman.out)
(./refman.out)
\@outlinefile=\write4
\openout4 = `refman.out'.

Package hyperref Info: Option `pageanchor' set `false' on input line 36.
 [1


{/var/lib/texmf/fonts/map/pdftex/updmap/pdftex.map}] [2

]
LaTeX Font Info:    Font shape `T1/ptm/bx/n' in size <24.88> not available
(Font)              Font shape `T1/ptm/b/n' tried instead on input line 49.

(./refman.toc
LaTeX Font Info:    Font shape `T1/ptm/bx/n' in size <10> not available
(Font)              Font shape `T1/ptm/b/n' tried instead on input line 1.
LaTeX Font Info:    External font `cmex10' loaded for size
(Font)              <7> on input line 2.
LaTeX Font Info:    External font `cmex10' loaded for size
(Font)              <5> on input line 2.
 [1

]
Underfull \vbox (badness 1389) has occurred while \output is active []

LaTeX Font Info:    Font shape `T1/ptm/bx/n' in size <7> not available
(Font)              Font shape `T1/ptm/b/n' tried instead on input line 64.
 [2]
Underfull \vbox (badness 1389) has occurred while \output is active []

 [3]
Underfull \vbox (badness 1389) has occurred while \output is active []

 [4]
Underfull \vbox (badness 1389) has occurred while \output is active []

 [5]
Underfull \vbox (badness 1389) has occurred while \output is active []

 [6]
Underfull \vbox (badness 1389) has occurred while \output is active []

 [7]
[8])
\tf@toc=\write5
\openout5 = `refman.toc'.

 [9] [10

]
Package hyperref Info: Option `pageanchor' set `true' on input line 52.

Chapter 1.
LaTeX Font Info:    Font shape `T1/ptm/bx/n' in size <20.74> not available
(Font)              Font shape `T1/ptm/b/n' tried instead on input line 53.
(./hierarchy.tex
LaTeX Font Info:    Font shape `T1/ptm/bx/n' in size <14.4> not available
(Font)              Font shape `T1/ptm/b/n' tried instead on input line 1.
) [1

] [2

]
Chapter 2.
(./annotated.tex) [3] [4

]
Chapter 3.
(./files.tex) [5] [6

]
Chapter 4.
(./classCell.tex
LaTeX Font Info:    Try loading font information for T1+pcr on input line 7.
 (/usr/share/texmf/tex/latex/psnfss/t1pcr.fd
File: t1pcr.fd 2001/06/04 font definitions for T1/pcr.
)
<classCell__coll__graph.pdf, id=1661, 108.405pt x 174.6525pt>
File: classCell__coll__graph.pdf Graphic file (type pdf)

<use classCell__coll__graph.pdf>
LaTeX Font Info:    Font shape `T1/ptm/bx/n' in size <12> not available
(Font)              Font shape `T1/ptm/b/n' tried instead on input line 14.
LaTeX Font Info:    Try loading font information for TS1+ptm on input line 17.
 (/usr/share/texmf/tex/latex/psnfss/ts1ptm.fd
File: ts1ptm.fd 2001/06/04 font definitions for TS1/ptm.
)
[7 <./classCell__coll__graph.pdf>]
<classCell_a394510643e8664cf12b5efaf5cb99f71_cgraph.pdf, id=1688, 351.3125pt x 
50.1875pt>
File: classCell_a394510643e8664cf12b5efaf5cb99f71_cgraph.pdf Graphic file (type
 pdf)
 <use classCell_a394510643e8664cf12b5efaf5cb99f71_cgraph.pdf>

Package hyperref Warning: Token not allowed in a PDFDocEncoded string,
(hyperref)                removing `math shift' on input line 54.


Package hyperref Warning: Token not allowed in a PDFDocEncoded string,
(hyperref)                removing `\sim' on input line 54.


Package hyperref Warning: Token not allowed in a PDFDocEncoded string,
(hyperref)                removing `math shift' on input line 54.


<classCell_a9fa559f7a28e2b4336c6879ca09304d8_cgraph.pdf, id=1691, 194.7275pt x 
30.1125pt>
File: classCell_a9fa559f7a28e2b4336c6879ca09304d8_cgraph.pdf Graphic file (type
 pdf)
 <use classCell_a9fa559f7a28e2b4336c6879ca09304d8_cgraph.pdf>
<classCell_a555fa98c5f1dc8d7c88c7a24f69994ff_cgraph.pdf, id=1692, 1182.4175pt x
 537.00626pt>
File: classCell_a555fa98c5f1dc8d7c88c7a24f69994ff_cgraph.pdf Graphic file (type
 pdf)
 <use classCell_a555fa98c5f1dc8d7c88c7a24f69994ff_cgraph.pdf>
Underfull \vbox (badness 10000) has occurred while \output is active []

 [8 <./classCell_a394510643e8664cf12b5efaf5cb99f71_cgraph.pdf> <./classCell_a9f
a559f7a28e2b4336c6879ca09304d8_cgraph.pdf>]
<classCell_a8e117526c56dda4d0d56d840d1558835_cgraph.pdf, id=1709, 331.2375pt x 
30.1125pt>
File: classCell_a8e117526c56dda4d0d56d840d1558835_cgraph.pdf Graphic file (type
 pdf)
 <use classCell_a8e117526c56dda4d0d56d840d1558835_cgraph.pdf>
<classCell_a535ddddc0471fa874a0b22a54bd38c1a_cgraph.pdf, id=1710, 339.2675pt x 
30.1125pt>
File: classCell_a535ddddc0471fa874a0b22a54bd38c1a_cgraph.pdf Graphic file (type
 pdf)
 <use classCell_a535ddddc0471fa874a0b22a54bd38c1a_cgraph.pdf>)
[9 <./classCell_a555fa98c5f1dc8d7c88c7a24f69994ff_cgraph.pdf> <./classCell_a8e1
17526c56dda4d0d56d840d1558835_cgraph.pdf> <./classCell_a535ddddc0471fa874a0b22a
54bd38c1a_cgraph.pdf>]
\openout2 = `structcmp__str.aux'.

 (./structcmp__str.tex
LaTeX Font Info:    Font shape `T1/ptm/bx/it' in size <10> not available
(Font)              Font shape `T1/ptm/b/it' tried instead on input line 18.
LaTeX Font Info:    Font shape `T1/pcr/bx/n' in size <10> not available
(Font)              Font shape `T1/pcr/b/n' tried instead on input line 18.
) [10

]
\openout2 = `classComplex.aux'.

 (./classComplex.tex
<classComplex__inherit__graph.pdf, id=1745, 70.2625pt x 146.5475pt>
File: classComplex__inherit__graph.pdf Graphic file (type pdf)

<use classComplex__inherit__graph.pdf>
<classComplex__coll__graph.pdf, id=1746, 70.2625pt x 222.8325pt>
File: classComplex__coll__graph.pdf Graphic file (type pdf)

<use classComplex__coll__graph.pdf>
Underfull \vbox (badness 10000) has occurred while \output is active []

 [11


 <./classComplex__inherit__graph.pdf>]
<classComplex_ad551ee48d65fa588fdaea8d5dd3f565c_cgraph.pdf, id=1760, 389.455pt 
x 50.1875pt>
File: classComplex_ad551ee48d65fa588fdaea8d5dd3f565c_cgraph.pdf Graphic file (t
ype pdf)
 <use classComplex_ad551ee48d65fa588fdaea8d5dd3f565c_cgraph.pdf>

Package hyperref Warning: Token not allowed in a PDFDocEncoded string,
(hyperref)                removing `math shift' on input line 50.


Package hyperref Warning: Token not allowed in a PDFDocEncoded string,
(hyperref)                removing `\sim' on input line 50.


Package hyperref Warning: Token not allowed in a PDFDocEncoded string,
(hyperref)                removing `math shift' on input line 50.

[12 <./classComplex__coll__graph.pdf> <./classComplex_ad551ee48d65fa588fdaea8d5
dd3f565c_cgraph.pdf>]) [13]
\openout2 = `classDegradation.aux'.

 (./classDegradation.tex
<classDegradation__inherit__graph.pdf, id=1788, 86.3225pt x 88.33pt>
File: classDegradation__inherit__graph.pdf Graphic file (type pdf)

<use classDegradation__inherit__graph.pdf>
<classDegradation__coll__graph.pdf, id=1789, 86.3225pt x 88.33pt>
File: classDegradation__coll__graph.pdf Graphic file (type pdf)

<use classDegradation__coll__graph.pdf>
Underfull \hbox (badness 10000) in paragraph at lines 28--29
[]\T1/ptm/m/n/10 virtual float [][]get-Ef-fect[][] (List-Di-graph $\OMS/cmsy/m/
n/10 ^^C$\T1/ptm/m/n/10 , ListDigraph::NodeMap$\OML/cmm/m/it/10 <$ [][]\T1/ptm/
m/n/10 Molecule[][] $\OMS/cmsy/m/n/10 ^^C$ $\OML/cmm/m/it/10 >$ $\OMS/cmsy/m/n/
10 ^^C$\T1/ptm/m/n/10 ,
 []


Package hyperref Warning: Token not allowed in a PDFDocEncoded string,
(hyperref)                removing `math shift' on input line 41.


Package hyperref Warning: Token not allowed in a PDFDocEncoded string,
(hyperref)                removing `\sim' on input line 41.


Package hyperref Warning: Token not allowed in a PDFDocEncoded string,
(hyperref)                removing `math shift' on input line 41.


Underfull \vbox (badness 10000) has occurred while \output is active []

 [14


 <./classDegradation__inherit__graph.pdf> <./classDegradation__coll__graph.pdf>
]
<classDegradation_a3cad4fc84026c6f627306a7e35527f3c_cgraph.pdf, id=1817, 447.67
25pt x 70.2625pt>
File: classDegradation_a3cad4fc84026c6f627306a7e35527f3c_cgraph.pdf Graphic fil
e (type pdf)

<use classDegradation_a3cad4fc84026c6f627306a7e35527f3c_cgraph.pdf>) [15 <./cla
ssDegradation_a3cad4fc84026c6f627306a7e35527f3c_cgraph.pdf>]
\openout2 = `classDerivGraph.aux'.


(./classDerivGraph.tex
<classDerivGraph__coll__graph.pdf, id=1832, 80.3pt x 102.3825pt>
File: classDerivGraph__coll__graph.pdf Graphic file (type pdf)

<use classDerivGraph__coll__graph.pdf> [16


 <./classDerivGraph__coll__graph.pdf>]
<classDerivGraph_af2a1f80b96b4657e7575748942d09947_cgraph.pdf, id=1907, 262.982
5pt x 30.1125pt>
File: classDerivGraph_af2a1f80b96b4657e7575748942d09947_cgraph.pdf Graphic file
 (type pdf)

<use classDerivGraph_af2a1f80b96b4657e7575748942d09947_cgraph.pdf>

Package hyperref Warning: Token not allowed in a PDFDocEncoded string,
(hyperref)                removing `math shift' on input line 90.


Package hyperref Warning: Token not allowed in a PDFDocEncoded string,
(hyperref)                removing `\sim' on input line 90.


Package hyperref Warning: Token not allowed in a PDFDocEncoded string,
(hyperref)                removing `math shift' on input line 90.


<classDerivGraph_a27b4fed56f8d2a745582622b7cb78b50_cgraph.pdf, id=1912, 271.012
5pt x 30.1125pt>
File: classDerivGraph_a27b4fed56f8d2a745582622b7cb78b50_cgraph.pdf Graphic file
 (type pdf)

<use classDerivGraph_a27b4fed56f8d2a745582622b7cb78b50_cgraph.pdf>
<classDerivGraph_a038841806aa1fe80a9450f977baa1fd2_cgraph.pdf, id=1913, 1063.97
5pt x 228.855pt>
File: classDerivGraph_a038841806aa1fe80a9450f977baa1fd2_cgraph.pdf Graphic file
 (type pdf)

<use classDerivGraph_a038841806aa1fe80a9450f977baa1fd2_cgraph.pdf>
<classDerivGraph_afbda567a3f51d05fad37eb46fc121a89_cgraph.pdf, id=1914, 1041.89
25pt x 228.855pt>
File: classDerivGraph_afbda567a3f51d05fad37eb46fc121a89_cgraph.pdf Graphic file
 (type pdf)

<use classDerivGraph_afbda567a3f51d05fad37eb46fc121a89_cgraph.pdf> [17 <./class
DerivGraph_af2a1f80b96b4657e7575748942d09947_cgraph.pdf> <./classDerivGraph_a27
b4fed56f8d2a745582622b7cb78b50_cgraph.pdf> <./classDerivGraph_a038841806aa1fe80
a9450f977baa1fd2_cgraph.pdf>]
<classDerivGraph_ae39d9acba4901f668d8a85c88bfcc21a_cgraph.pdf, id=1938, 941.517
5pt x 110.4125pt>
File: classDerivGraph_ae39d9acba4901f668d8a85c88bfcc21a_cgraph.pdf Graphic file
 (type pdf)

<use classDerivGraph_ae39d9acba4901f668d8a85c88bfcc21a_cgraph.pdf>
<classDerivGraph_a8862d4f9ebbd3eced9d56a81fe91c4fb_cgraph.pdf, id=1945, 252.945
pt x 30.1125pt>
File: classDerivGraph_a8862d4f9ebbd3eced9d56a81fe91c4fb_cgraph.pdf Graphic file
 (type pdf)

<use classDerivGraph_a8862d4f9ebbd3eced9d56a81fe91c4fb_cgraph.pdf>
<classDerivGraph_a4be722e989002430ca7c363dce500638_cgraph.pdf, id=1946, 825.082
5pt x 110.4125pt>
File: classDerivGraph_a4be722e989002430ca7c363dce500638_cgraph.pdf Graphic file
 (type pdf)

<use classDerivGraph_a4be722e989002430ca7c363dce500638_cgraph.pdf> [18 <./class
DerivGraph_afbda567a3f51d05fad37eb46fc121a89_cgraph.pdf> <./classDerivGraph_ae3
9d9acba4901f668d8a85c88bfcc21a_cgraph.pdf> <./classDerivGraph_a8862d4f9ebbd3ece
d9d56a81fe91c4fb_cgraph.pdf> <./classDerivGraph_a4be722e989002430ca7c363dce5006
38_cgraph.pdf>]
<classDerivGraph_aa55a36103c33d4f1bd57de797bcd45cb_cgraph.pdf, id=1975, 1009.77
25pt x 150.5625pt>
File: classDerivGraph_aa55a36103c33d4f1bd57de797bcd45cb_cgraph.pdf Graphic file
 (type pdf)

<use classDerivGraph_aa55a36103c33d4f1bd57de797bcd45cb_cgraph.pdf>
<classDerivGraph_a83937a5c3ed427ebaad2bf23260c0352_cgraph.pdf, id=1976, 843.15p
t x 170.6375pt>
File: classDerivGraph_a83937a5c3ed427ebaad2bf23260c0352_cgraph.pdf Graphic file
 (type pdf)

<use classDerivGraph_a83937a5c3ed427ebaad2bf23260c0352_cgraph.pdf>
<classDerivGraph_aae8c58e1d6be852efbe1ed6593f31eca_cgraph.pdf, id=1980, 1043.9p
t x 228.855pt>
File: classDerivGraph_aae8c58e1d6be852efbe1ed6593f31eca_cgraph.pdf Graphic file
 (type pdf)

<use classDerivGraph_aae8c58e1d6be852efbe1ed6593f31eca_cgraph.pdf>
Underfull \vbox (badness 7814) has occurred while \output is active []

 [19 <./classDerivGraph_aa55a36103c33d4f1bd57de797bcd45cb_cgraph.pdf> <./classD
erivGraph_a83937a5c3ed427ebaad2bf23260c0352_cgraph.pdf>]
<classDerivGraph_abf589f6aabe2c66bbe6f1aeb68ff4593_cgraph.pdf, id=1999, 331.237
5pt x 30.1125pt>
File: classDerivGraph_abf589f6aabe2c66bbe6f1aeb68ff4593_cgraph.pdf Graphic file
 (type pdf)

<use classDerivGraph_abf589f6aabe2c66bbe6f1aeb68ff4593_cgraph.pdf>) [20 <./clas
sDerivGraph_aae8c58e1d6be852efbe1ed6593f31eca_cgraph.pdf> <./classDerivGraph_ab
f589f6aabe2c66bbe6f1aeb68ff4593_cgraph.pdf>]
\openout2 = `classDNA.aux'.

 (./classDNA.tex
<classDNA__inherit__graph.pdf, id=2018, 70.2625pt x 88.33pt>
File: classDNA__inherit__graph.pdf Graphic file (type pdf)

<use classDNA__inherit__graph.pdf>
<classDNA__coll__graph.pdf, id=2019, 70.2625pt x 162.6075pt>
File: classDNA__coll__graph.pdf Graphic file (type pdf)

<use classDNA__coll__graph.pdf> [21


 <./classDNA__inherit__graph.pdf> <./classDNA__coll__graph.pdf>]
<classDNA_a3bad49a2b4f2afcc3a55f1d663e2d14e_cgraph.pdf, id=2052, 345.29pt x 50.
1875pt>
File: classDNA_a3bad49a2b4f2afcc3a55f1d663e2d14e_cgraph.pdf Graphic file (type 
pdf)
 <use classDNA_a3bad49a2b4f2afcc3a55f1d663e2d14e_cgraph.pdf>

Package hyperref Warning: Token not allowed in a PDFDocEncoded string,
(hyperref)                removing `math shift' on input line 69.


Package hyperref Warning: Token not allowed in a PDFDocEncoded string,
(hyperref)                removing `\sim' on input line 69.


Package hyperref Warning: Token not allowed in a PDFDocEncoded string,
(hyperref)                removing `math shift' on input line 69.


<classDNA_a10bec8cdc5922b2780887666c53891f1_cgraph.pdf, id=2059, 226.8475pt x 3
0.1125pt>
File: classDNA_a10bec8cdc5922b2780887666c53891f1_cgraph.pdf Graphic file (type 
pdf)
 <use classDNA_a10bec8cdc5922b2780887666c53891f1_cgraph.pdf> [22 <./classDNA_a3
bad49a2b4f2afcc3a55f1d663e2d14e_cgraph.pdf> <./classDNA_a10bec8cdc5922b27808876
66c53891f1_cgraph.pdf>]) [23]
\openout2 = `classExperiment.aux'.

 (./classExperiment.tex
<classExperiment_af738fe254338fc4870dbf09606def022_cgraph.pdf, id=2094, 269.005
pt x 30.1125pt>
File: classExperiment_af738fe254338fc4870dbf09606def022_cgraph.pdf Graphic file
 (type pdf)

<use classExperiment_af738fe254338fc4870dbf09606def022_cgraph.pdf>

Package hyperref Warning: Token not allowed in a PDFDocEncoded string,
(hyperref)                removing `math shift' on input line 48.


Package hyperref Warning: Token not allowed in a PDFDocEncoded string,
(hyperref)                removing `\sim' on input line 48.


Package hyperref Warning: Token not allowed in a PDFDocEncoded string,
(hyperref)                removing `math shift' on input line 48.


<classExperiment_a96058d848040e45948bbb60623711da6_cgraph.pdf, id=2097, 277.035
pt x 30.1125pt>
File: classExperiment_a96058d848040e45948bbb60623711da6_cgraph.pdf Graphic file
 (type pdf)

<use classExperiment_a96058d848040e45948bbb60623711da6_cgraph.pdf>
<classExperiment_ab15fca04be9b7bcad65b264b23b4a499_cgraph.pdf, id=2098, 234.877
5pt x 30.1125pt>
File: classExperiment_ab15fca04be9b7bcad65b264b23b4a499_cgraph.pdf Graphic file
 (type pdf)

<use classExperiment_ab15fca04be9b7bcad65b264b23b4a499_cgraph.pdf> [24


 <./classExperiment_af738fe254338fc4870dbf09606def022_cgraph.pdf> <./classExper
iment_a96058d848040e45948bbb60623711da6_cgraph.pdf>]) [25 <./classExperiment_ab
15fca04be9b7bcad65b264b23b4a499_cgraph.pdf>]
\openout2 = `classForwardComplexation.aux'.

 (./classForwardComplexation.tex
<classForwardComplexation__inherit__graph.pdf, id=2134, 134.5025pt x 88.33pt>
File: classForwardComplexation__inherit__graph.pdf Graphic file (type pdf)

<use classForwardComplexation__inherit__graph.pdf>
<classForwardComplexation__coll__graph.pdf, id=2135, 134.5025pt x 88.33pt>
File: classForwardComplexation__coll__graph.pdf Graphic file (type pdf)

<use classForwardComplexation__coll__graph.pdf>
Underfull \hbox (badness 10000) in paragraph at lines 28--29
[]\T1/ptm/m/n/10 virtual float [][]get-Ef-fect[][] (List-Di-graph $\OMS/cmsy/m/
n/10 ^^C$\T1/ptm/m/n/10 , ListDigraph::NodeMap$\OML/cmm/m/it/10 <$ [][]\T1/ptm/
m/n/10 Molecule[][] $\OMS/cmsy/m/n/10 ^^C$ $\OML/cmm/m/it/10 >$ $\OMS/cmsy/m/n/
10 ^^C$\T1/ptm/m/n/10 ,
 []


<classForwardComplexation_a0ab16d0c2ad4bef757d811d4b7fd9682_cgraph.pdf, id=2143
, 369.38pt x 30.1125pt>
File: classForwardComplexation_a0ab16d0c2ad4bef757d811d4b7fd9682_cgraph.pdf Gra
phic file (type pdf)

<use classForwardComplexation_a0ab16d0c2ad4bef757d811d4b7fd9682_cgraph.pdf>

Package hyperref Warning: Token not allowed in a PDFDocEncoded string,
(hyperref)                removing `math shift' on input line 57.


Package hyperref Warning: Token not allowed in a PDFDocEncoded string,
(hyperref)                removing `\sim' on input line 57.


Package hyperref Warning: Token not allowed in a PDFDocEncoded string,
(hyperref)                removing `math shift' on input line 57.

[26


 <./classForwardComplexation__inherit__graph.pdf> <./classForwardComplexation__
coll__graph.pdf> <./classForwardComplexation_a0ab16d0c2ad4bef757d811d4b7fd9682_
cgraph.pdf>]
<classForwardComplexation_a8f7f867b98b484ed0f09192ebd280e1a_cgraph.pdf, id=2175
, 493.845pt x 70.2625pt>
File: classForwardComplexation_a8f7f867b98b484ed0f09192ebd280e1a_cgraph.pdf Gra
phic file (type pdf)

<use classForwardComplexation_a8f7f867b98b484ed0f09192ebd280e1a_cgraph.pdf>)
[27 <./classForwardComplexation_a8f7f867b98b484ed0f09192ebd280e1a_cgraph.pdf>]
\openout2 = `classForwardPTM.aux'.


(./classForwardPTM.tex
<classForwardPTM__inherit__graph.pdf, id=2188, 86.3225pt x 88.33pt>
File: classForwardPTM__inherit__graph.pdf Graphic file (type pdf)

<use classForwardPTM__inherit__graph.pdf>
<classForwardPTM__coll__graph.pdf, id=2189, 86.3225pt x 88.33pt>
File: classForwardPTM__coll__graph.pdf Graphic file (type pdf)

<use classForwardPTM__coll__graph.pdf>
<classForwardPTM_a42913d0481561a489b8664cd22cf7b0c_cgraph.pdf, id=2192, 273.02p
t x 30.1125pt>
File: classForwardPTM_a42913d0481561a489b8664cd22cf7b0c_cgraph.pdf Graphic file
 (type pdf)

<use classForwardPTM_a42913d0481561a489b8664cd22cf7b0c_cgraph.pdf>

Package hyperref Warning: Token not allowed in a PDFDocEncoded string,
(hyperref)                removing `math shift' on input line 48.


Package hyperref Warning: Token not allowed in a PDFDocEncoded string,
(hyperref)                removing `\sim' on input line 48.


Package hyperref Warning: Token not allowed in a PDFDocEncoded string,
(hyperref)                removing `math shift' on input line 48.

[28


 <./classForwardPTM__inherit__graph.pdf> <./classForwardPTM__coll__graph.pdf> <
./classForwardPTM_a42913d0481561a489b8664cd22cf7b0c_cgraph.pdf>]) [29]
\openout2 = `classInteraction.aux'.


(./classInteraction.tex
<classInteraction__inherit__graph.pdf, id=2224, 246.9225pt x 351.3125pt>
File: classInteraction__inherit__graph.pdf Graphic file (type pdf)

<use classInteraction__inherit__graph.pdf>
Underfull \hbox (badness 10000) in paragraph at lines 21--23
[]\T1/ptm/m/n/10 virtual float [][]get-Ef-fect[][] (List-Di-graph $\OMS/cmsy/m/
n/10 ^^C$\T1/ptm/m/n/10 , ListDigraph::NodeMap$\OML/cmm/m/it/10 <$ [][]\T1/ptm/
m/n/10 Molecule[][] $\OMS/cmsy/m/n/10 ^^C$ $\OML/cmm/m/it/10 >$ $\OMS/cmsy/m/n/
10 ^^C$\T1/ptm/m/n/10 ,
 []

[30


 <./classInteraction__inherit__graph.pdf>]
<classInteraction_aadfd0e254296043c26508d47090ace76_cgraph.pdf, id=2257, 262.98
25pt x 30.1125pt>
File: classInteraction_aadfd0e254296043c26508d47090ace76_cgraph.pdf Graphic fil
e (type pdf)

<use classInteraction_aadfd0e254296043c26508d47090ace76_cgraph.pdf>

Package hyperref Warning: Token not allowed in a PDFDocEncoded string,
(hyperref)                removing `math shift' on input line 63.


Package hyperref Warning: Token not allowed in a PDFDocEncoded string,
(hyperref)                removing `\sim' on input line 63.


Package hyperref Warning: Token not allowed in a PDFDocEncoded string,
(hyperref)                removing `math shift' on input line 63.


<classInteraction_a6610199fedc7fae617003cb2f397c825_cgraph.pdf, id=2260, 271.01
25pt x 30.1125pt>
File: classInteraction_a6610199fedc7fae617003cb2f397c825_cgraph.pdf Graphic fil
e (type pdf)

<use classInteraction_a6610199fedc7fae617003cb2f397c825_cgraph.pdf> [31 <./clas
sInteraction_aadfd0e254296043c26508d47090ace76_cgraph.pdf> <./classInteraction_
a6610199fedc7fae617003cb2f397c825_cgraph.pdf>]
<classInteraction_a6328831e714adf9c8177f6052d2e017f_cgraph.pdf, id=2288, 441.65
pt x 70.2625pt>
File: classInteraction_a6328831e714adf9c8177f6052d2e017f_cgraph.pdf Graphic fil
e (type pdf)

<use classInteraction_a6328831e714adf9c8177f6052d2e017f_cgraph.pdf>) [32 <./cla
ssInteraction_a6328831e714adf9c8177f6052d2e017f_cgraph.pdf>]
\openout2 = `classMolecule.aux'.


(./classMolecule.tex
<classMolecule__inherit__graph.pdf, id=2307, 353.32pt x 146.5475pt>
File: classMolecule__inherit__graph.pdf Graphic file (type pdf)

<use classMolecule__inherit__graph.pdf>
<classMolecule__coll__graph.pdf, id=2308, 70.2625pt x 102.3825pt>
File: classMolecule__coll__graph.pdf Graphic file (type pdf)

<use classMolecule__coll__graph.pdf> [33


 <./classMolecule__inherit__graph.pdf> <./classMolecule__coll__graph.pdf>]
<classMolecule_a7e7d290ae641518ad4c4d5303b519d0f_cgraph.pdf, id=2366, 238.8925p
t x 30.1125pt>
File: classMolecule_a7e7d290ae641518ad4c4d5303b519d0f_cgraph.pdf Graphic file (
type pdf)

<use classMolecule_a7e7d290ae641518ad4c4d5303b519d0f_cgraph.pdf>

Package hyperref Warning: Token not allowed in a PDFDocEncoded string,
(hyperref)                removing `math shift' on input line 106.


Package hyperref Warning: Token not allowed in a PDFDocEncoded string,
(hyperref)                removing `\sim' on input line 106.


Package hyperref Warning: Token not allowed in a PDFDocEncoded string,
(hyperref)                removing `math shift' on input line 106.

[34 <./classMolecule_a7e7d290ae641518ad4c4d5303b519d0f_cgraph.pdf>]
<classMolecule_af67c8a4dcbde3f500509ee1bd94ff4ef_cgraph.pdf, id=2401, 309.155pt
 x 70.2625pt>
File: classMolecule_af67c8a4dcbde3f500509ee1bd94ff4ef_cgraph.pdf Graphic file (
type pdf)
 <use classMolecule_af67c8a4dcbde3f500509ee1bd94ff4ef_cgraph.pdf>
<classMolecule_ac6c78f4a49e270815d7e7dba311b7e14_cgraph.pdf, id=2403, 307.1475p
t x 70.2625pt>
File: classMolecule_ac6c78f4a49e270815d7e7dba311b7e14_cgraph.pdf Graphic file (
type pdf)

<use classMolecule_ac6c78f4a49e270815d7e7dba311b7e14_cgraph.pdf> [35 <./classMo
lecule_af67c8a4dcbde3f500509ee1bd94ff4ef_cgraph.pdf> <./classMolecule_ac6c78f4a
49e270815d7e7dba311b7e14_cgraph.pdf>]
<classMolecule_adabb58a65655a7f55dae0d82b65d04ba_cgraph.pdf, id=2423, 273.02pt 
x 30.1125pt>
File: classMolecule_adabb58a65655a7f55dae0d82b65d04ba_cgraph.pdf Graphic file (
type pdf)
 <use classMolecule_adabb58a65655a7f55dae0d82b65d04ba_cgraph.pdf>
<classMolecule_ab1dd1cb050ddb53a5ce4d9635e3ae03b_cgraph.pdf, id=2426, 321.2pt x
 70.2625pt>
File: classMolecule_ab1dd1cb050ddb53a5ce4d9635e3ae03b_cgraph.pdf Graphic file (
type pdf)
 <use classMolecule_ab1dd1cb050ddb53a5ce4d9635e3ae03b_cgraph.pdf>
[36 <./classMolecule_adabb58a65655a7f55dae0d82b65d04ba_cgraph.pdf> <./classMole
cule_ab1dd1cb050ddb53a5ce4d9635e3ae03b_cgraph.pdf>]) [37]
\openout2 = `classMoleculeType.aux'.


(./classMoleculeType.tex

Package hyperref Warning: Token not allowed in a PDFDocEncoded string,
(hyperref)                removing `math shift' on input line 30.


Package hyperref Warning: Token not allowed in a PDFDocEncoded string,
(hyperref)                removing `\sim' on input line 30.


Package hyperref Warning: Token not allowed in a PDFDocEncoded string,
(hyperref)                removing `math shift' on input line 30.

) [38


]
\openout2 = `classmRNA.aux'.

 (./classmRNA.tex
<classmRNA__inherit__graph.pdf, id=2462, 70.2625pt x 88.33pt>
File: classmRNA__inherit__graph.pdf Graphic file (type pdf)

<use classmRNA__inherit__graph.pdf>
<classmRNA__coll__graph.pdf, id=2463, 70.2625pt x 162.6075pt>
File: classmRNA__coll__graph.pdf Graphic file (type pdf)

<use classmRNA__coll__graph.pdf>
<classmRNA_add6fc6ce355527cdab338afb3c9a118f_cgraph.pdf, id=2466, 363.3575pt x 
50.1875pt>
File: classmRNA_add6fc6ce355527cdab338afb3c9a118f_cgraph.pdf Graphic file (type
 pdf)
 <use classmRNA_add6fc6ce355527cdab338afb3c9a118f_cgraph.pdf>
Underfull \vbox (badness 10000) has occurred while \output is active []

 [39


 <./classmRNA__inherit__graph.pdf> <./classmRNA__coll__graph.pdf>]

Package hyperref Warning: Token not allowed in a PDFDocEncoded string,
(hyperref)                removing `math shift' on input line 48.


Package hyperref Warning: Token not allowed in a PDFDocEncoded string,
(hyperref)                removing `\sim' on input line 48.


Package hyperref Warning: Token not allowed in a PDFDocEncoded string,
(hyperref)                removing `math shift' on input line 48.

) [40 <./classmRNA_add6fc6ce355527cdab338afb3c9a118f_cgraph.pdf>]
\openout2 = `classMTRand.aux'.


(./classMTRand.tex [41


]
<classMTRand_a172bc7e7cf1e578ef3f9c90a8cee3eb1_cgraph.pdf, id=2614, 365.365pt x
 30.1125pt>
File: classMTRand_a172bc7e7cf1e578ef3f9c90a8cee3eb1_cgraph.pdf Graphic file (ty
pe pdf)
 <use classMTRand_a172bc7e7cf1e578ef3f9c90a8cee3eb1_cgraph.pdf>
<classMTRand_a380e79e0192b46426abcefa6e2dd082e_cgraph.pdf, id=2615, 365.365pt x
 30.1125pt>
File: classMTRand_a380e79e0192b46426abcefa6e2dd082e_cgraph.pdf Graphic file (ty
pe pdf)
 <use classMTRand_a380e79e0192b46426abcefa6e2dd082e_cgraph.pdf>
[42 <./classMTRand_a172bc7e7cf1e578ef3f9c90a8cee3eb1_cgraph.pdf>]
<classMTRand_a265dc65546e26073c0d5f8787b045a1d_cgraph.pdf, id=2639, 365.365pt x
 30.1125pt>
File: classMTRand_a265dc65546e26073c0d5f8787b045a1d_cgraph.pdf Graphic file (ty
pe pdf)
 <use classMTRand_a265dc65546e26073c0d5f8787b045a1d_cgraph.pdf>
<classMTRand_a8539a48116c85704c5101981cb0823e7_cgraph.pdf, id=2640, 228.855pt x
 30.1125pt>
File: classMTRand_a8539a48116c85704c5101981cb0823e7_cgraph.pdf Graphic file (ty
pe pdf)
 <use classMTRand_a8539a48116c85704c5101981cb0823e7_cgraph.pdf>
<classMTRand_abdd5587252ed1ac89cb274e4bf4881da_cgraph.pdf, id=2641, 242.9075pt 
x 70.2625pt>
File: classMTRand_abdd5587252ed1ac89cb274e4bf4881da_cgraph.pdf Graphic file (ty
pe pdf)
 <use classMTRand_abdd5587252ed1ac89cb274e4bf4881da_cgraph.pdf>
[43 <./classMTRand_a380e79e0192b46426abcefa6e2dd082e_cgraph.pdf> <./classMTRand
_a265dc65546e26073c0d5f8787b045a1d_cgraph.pdf> <./classMTRand_a8539a48116c85704
c5101981cb0823e7_cgraph.pdf> <./classMTRand_abdd5587252ed1ac89cb274e4bf4881da_c
graph.pdf>]
<classMTRand_abbb87a08d622d58fdee0eea4cb5471a0_cgraph.pdf, id=2671, 917.4275pt 
x 110.4125pt>
File: classMTRand_abbb87a08d622d58fdee0eea4cb5471a0_cgraph.pdf Graphic file (ty
pe pdf)
 <use classMTRand_abbb87a08d622d58fdee0eea4cb5471a0_cgraph.pdf>
<classMTRand_aa4fe82fc27fd81414ce7554093a9766b_cgraph.pdf, id=2672, 887.315pt x
 110.4125pt>
File: classMTRand_aa4fe82fc27fd81414ce7554093a9766b_cgraph.pdf Graphic file (ty
pe pdf)
 <use classMTRand_aa4fe82fc27fd81414ce7554093a9766b_cgraph.pdf>
<classMTRand_a76d129a2d850c24ff4a0613f299cf3a5_cgraph.pdf, id=2673, 764.8575pt 
x 110.4125pt>
File: classMTRand_a76d129a2d850c24ff4a0613f299cf3a5_cgraph.pdf Graphic file (ty
pe pdf)
 <use classMTRand_a76d129a2d850c24ff4a0613f299cf3a5_cgraph.pdf>
<classMTRand_a15f4daf79febbe4ff43c3e6ce2c4fcbe_cgraph.pdf, id=2674, 778.91pt x 
110.4125pt>
File: classMTRand_a15f4daf79febbe4ff43c3e6ce2c4fcbe_cgraph.pdf Graphic file (ty
pe pdf)
 <use classMTRand_a15f4daf79febbe4ff43c3e6ce2c4fcbe_cgraph.pdf>
<classMTRand_a1a81d8f00de8f553d4b8626d64e1c544_cgraph.pdf, id=2675, 959.585pt x
 110.4125pt>
File: classMTRand_a1a81d8f00de8f553d4b8626d64e1c544_cgraph.pdf Graphic file (ty
pe pdf)
 <use classMTRand_a1a81d8f00de8f553d4b8626d64e1c544_cgraph.pdf>
[44 <./classMTRand_abbb87a08d622d58fdee0eea4cb5471a0_cgraph.pdf> <./classMTRand
_aa4fe82fc27fd81414ce7554093a9766b_cgraph.pdf> <./classMTRand_a76d129a2d850c24f
f4a0613f299cf3a5_cgraph.pdf> <./classMTRand_a15f4daf79febbe4ff43c3e6ce2c4fcbe_c
graph.pdf>]
<classMTRand_a4d3a475aa72fe6d1a6d7d9e16d6a732e_cgraph.pdf, id=2704, 800.9925pt 
x 110.4125pt>
File: classMTRand_a4d3a475aa72fe6d1a6d7d9e16d6a732e_cgraph.pdf Graphic file (ty
pe pdf)
 <use classMTRand_a4d3a475aa72fe6d1a6d7d9e16d6a732e_cgraph.pdf>
<classMTRand_aa1e89d6c7ac8737567b3ccf8fe70b6de_cgraph.pdf, id=2705, 927.465pt x
 110.4125pt>
File: classMTRand_aa1e89d6c7ac8737567b3ccf8fe70b6de_cgraph.pdf Graphic file (ty
pe pdf)
 <use classMTRand_aa1e89d6c7ac8737567b3ccf8fe70b6de_cgraph.pdf>
<classMTRand_afd05e468983b3a3d66ce0f403bd666af_cgraph.pdf, id=2706, 784.9325pt 
x 110.4125pt>
File: classMTRand_afd05e468983b3a3d66ce0f403bd666af_cgraph.pdf Graphic file (ty
pe pdf)
 <use classMTRand_afd05e468983b3a3d66ce0f403bd666af_cgraph.pdf>
<classMTRand_a3515bbf6e1b46680a4ce6968451942b6_cgraph.pdf, id=2707, 780.9175pt 
x 110.4125pt>
File: classMTRand_a3515bbf6e1b46680a4ce6968451942b6_cgraph.pdf Graphic file (ty
pe pdf)
 <use classMTRand_a3515bbf6e1b46680a4ce6968451942b6_cgraph.pdf>
Underfull \vbox (badness 1371) has occurred while \output is active []

 [45 <./classMTRand_a1a81d8f00de8f553d4b8626d64e1c544_cgraph.pdf> <./classMTRan
d_a4d3a475aa72fe6d1a6d7d9e16d6a732e_cgraph.pdf> <./classMTRand_aa1e89d6c7ac8737
567b3ccf8fe70b6de_cgraph.pdf> <./classMTRand_afd05e468983b3a3d66ce0f403bd666af_
cgraph.pdf>]
<classMTRand_ad1008efd4fe0e8aae30459c2c58cfe35_cgraph.pdf, id=2736, 642.4pt x 1
10.4125pt>
File: classMTRand_ad1008efd4fe0e8aae30459c2c58cfe35_cgraph.pdf Graphic file (ty
pe pdf)
 <use classMTRand_ad1008efd4fe0e8aae30459c2c58cfe35_cgraph.pdf>
<classMTRand_a4c284f626b6d40a0367ff2a949ea1944_cgraph.pdf, id=2737, 915.42pt x 
110.4125pt>
File: classMTRand_a4c284f626b6d40a0367ff2a949ea1944_cgraph.pdf Graphic file (ty
pe pdf)
 <use classMTRand_a4c284f626b6d40a0367ff2a949ea1944_cgraph.pdf>
<classMTRand_a1d5fcb69d83f4d2fd653883c8352f86c_cgraph.pdf, id=2738, 503.8825pt 
x 110.4125pt>
File: classMTRand_a1d5fcb69d83f4d2fd653883c8352f86c_cgraph.pdf Graphic file (ty
pe pdf)
 <use classMTRand_a1d5fcb69d83f4d2fd653883c8352f86c_cgraph.pdf>
<classMTRand_ad88ea3363d55bafb62826bbd130279c2_cgraph.pdf, id=2739, 222.8325pt 
x 30.1125pt>
File: classMTRand_ad88ea3363d55bafb62826bbd130279c2_cgraph.pdf Graphic file (ty
pe pdf)
 <use classMTRand_ad88ea3363d55bafb62826bbd130279c2_cgraph.pdf>
[46 <./classMTRand_a3515bbf6e1b46680a4ce6968451942b6_cgraph.pdf> <./classMTRand
_ad1008efd4fe0e8aae30459c2c58cfe35_cgraph.pdf> <./classMTRand_a4c284f626b6d40a0
367ff2a949ea1944_cgraph.pdf> <./classMTRand_a1d5fcb69d83f4d2fd653883c8352f86c_c
graph.pdf>]
<classMTRand_a5758103776b131e8ea46b6dc1b9fb267_cgraph.pdf, id=2768, 640.3925pt 
x 130.4875pt>
File: classMTRand_a5758103776b131e8ea46b6dc1b9fb267_cgraph.pdf Graphic file (ty
pe pdf)
 <use classMTRand_a5758103776b131e8ea46b6dc1b9fb267_cgraph.pdf>
<classMTRand_a1e21a79e0a30225fffe924229e34a923_cgraph.pdf, id=2769, 640.3925pt 
x 130.4875pt>
File: classMTRand_a1e21a79e0a30225fffe924229e34a923_cgraph.pdf Graphic file (ty
pe pdf)
 <use classMTRand_a1e21a79e0a30225fffe924229e34a923_cgraph.pdf>
<classMTRand_acf32530212717166e3d02dd3cc0b68c4_cgraph.pdf, id=2770, 371.3875pt 
x 110.4125pt>
File: classMTRand_acf32530212717166e3d02dd3cc0b68c4_cgraph.pdf Graphic file (ty
pe pdf)
 <use classMTRand_acf32530212717166e3d02dd3cc0b68c4_cgraph.pdf>

Package hyperref Warning: Token not allowed in a PDFDocEncoded string,
(hyperref)                removing `math shift' on input line 510.


Package hyperref Warning: Token not allowed in a PDFDocEncoded string,
(hyperref)                removing `math shift' on input line 510.


Package hyperref Warning: Token not allowed in a PDFDocEncoded string,
(hyperref)                removing `math shift' on input line 510.


Package hyperref Warning: Token not allowed in a PDFDocEncoded string,
(hyperref)                removing `math shift' on input line 510.


Package hyperref Warning: Token not allowed in a PDFDocEncoded string,
(hyperref)                removing `math shift' on input line 515.


Package hyperref Warning: Token not allowed in a PDFDocEncoded string,
(hyperref)                removing `math shift' on input line 515.


Package hyperref Warning: Token not allowed in a PDFDocEncoded string,
(hyperref)                removing `math shift' on input line 515.


Package hyperref Warning: Token not allowed in a PDFDocEncoded string,
(hyperref)                removing `math shift' on input line 515.

[47 <./classMTRand_ad88ea3363d55bafb62826bbd130279c2_cgraph.pdf> <./classMTRand
_a5758103776b131e8ea46b6dc1b9fb267_cgraph.pdf> <./classMTRand_a1e21a79e0a30225f
ffe924229e34a923_cgraph.pdf> <./classMTRand_acf32530212717166e3d02dd3cc0b68c4_c
graph.pdf>]) [48]
\openout2 = `classNullNode.aux'.

 (./classNullNode.tex
<classNullNode__inherit__graph.pdf, id=2804, 70.2625pt x 88.33pt>
File: classNullNode__inherit__graph.pdf Graphic file (type pdf)

<use classNullNode__inherit__graph.pdf>
<classNullNode__coll__graph.pdf, id=2805, 70.2625pt x 162.6075pt>
File: classNullNode__coll__graph.pdf Graphic file (type pdf)

<use classNullNode__coll__graph.pdf>
<classNullNode_ac6fefccfedcc2be3ac11cf4f33a6c113_cgraph.pdf, id=2809, 389.455pt
 x 50.1875pt>
File: classNullNode_ac6fefccfedcc2be3ac11cf4f33a6c113_cgraph.pdf Graphic file (
type pdf)
 <use classNullNode_ac6fefccfedcc2be3ac11cf4f33a6c113_cgraph.pdf>
Underfull \vbox (badness 4291) has occurred while \output is active []

 [49


 <./classNullNode__inherit__graph.pdf> <./classNullNode__coll__graph.pdf>]

Package hyperref Warning: Token not allowed in a PDFDocEncoded string,
(hyperref)                removing `math shift' on input line 50.


Package hyperref Warning: Token not allowed in a PDFDocEncoded string,
(hyperref)                removing `\sim' on input line 50.


Package hyperref Warning: Token not allowed in a PDFDocEncoded string,
(hyperref)                removing `math shift' on input line 50.

) [50 <./classNullNode_ac6fefccfedcc2be3ac11cf4f33a6c113_cgraph.pdf>]
\openout2 = `classPromoterBind.aux'.


(./classPromoterBind.tex
<classPromoterBind__inherit__graph.pdf, id=2844, 94.3525pt x 88.33pt>
File: classPromoterBind__inherit__graph.pdf Graphic file (type pdf)

<use classPromoterBind__inherit__graph.pdf>
<classPromoterBind__coll__graph.pdf, id=2845, 94.3525pt x 88.33pt>
File: classPromoterBind__coll__graph.pdf Graphic file (type pdf)

<use classPromoterBind__coll__graph.pdf>
Underfull \hbox (badness 10000) in paragraph at lines 28--29
[]\T1/ptm/m/n/10 virtual float [][]get-Ef-fect[][] (List-Di-graph $\OMS/cmsy/m/
n/10 ^^C$\T1/ptm/m/n/10 , ListDigraph::NodeMap$\OML/cmm/m/it/10 <$ [][]\T1/ptm/
m/n/10 Molecule[][] $\OMS/cmsy/m/n/10 ^^C$ $\OML/cmm/m/it/10 >$ $\OMS/cmsy/m/n/
10 ^^C$\T1/ptm/m/n/10 ,
 []


Package hyperref Warning: Token not allowed in a PDFDocEncoded string,
(hyperref)                removing `math shift' on input line 48.


Package hyperref Warning: Token not allowed in a PDFDocEncoded string,
(hyperref)                removing `\sim' on input line 48.


Package hyperref Warning: Token not allowed in a PDFDocEncoded string,
(hyperref)                removing `math shift' on input line 48.


Underfull \vbox (badness 7981) has occurred while \output is active []

 [51


 <./classPromoterBind__inherit__graph.pdf> <./classPromoterBind__coll__graph.pd
f>]
<classPromoterBind_afadb621f9976cc52d83caec0e8613244_cgraph.pdf, id=2877, 453.6
95pt x 70.2625pt>
File: classPromoterBind_afadb621f9976cc52d83caec0e8613244_cgraph.pdf Graphic fi
le (type pdf)

<use classPromoterBind_afadb621f9976cc52d83caec0e8613244_cgraph.pdf>) [52 <./cl
assPromoterBind_afadb621f9976cc52d83caec0e8613244_cgraph.pdf>] [53]
\openout2 = `classProtein.aux'.


(./classProtein.tex
<classProtein__inherit__graph.pdf, id=2894, 70.2625pt x 146.5475pt>
File: classProtein__inherit__graph.pdf Graphic file (type pdf)

<use classProtein__inherit__graph.pdf>
<classProtein__coll__graph.pdf, id=2895, 70.2625pt x 162.6075pt>
File: classProtein__coll__graph.pdf Graphic file (type pdf)

<use classProtein__coll__graph.pdf> [54


 <./classProtein__inherit__graph.pdf> <./classProtein__coll__graph.pdf>]
<classProtein_a4610c6369d2f7e4bd31481d53e5001a1_cgraph.pdf, id=2916, 373.395pt 
x 50.1875pt>
File: classProtein_a4610c6369d2f7e4bd31481d53e5001a1_cgraph.pdf Graphic file (t
ype pdf)
 <use classProtein_a4610c6369d2f7e4bd31481d53e5001a1_cgraph.pdf>

Package hyperref Warning: Token not allowed in a PDFDocEncoded string,
(hyperref)                removing `math shift' on input line 48.


Package hyperref Warning: Token not allowed in a PDFDocEncoded string,
(hyperref)                removing `\sim' on input line 48.


Package hyperref Warning: Token not allowed in a PDFDocEncoded string,
(hyperref)                removing `math shift' on input line 48.

) [55 <./classProtein_a4610c6369d2f7e4bd31481d53e5001a1_cgraph.pdf>]
\openout2 = `classPTMProtein.aux'.


(./classPTMProtein.tex
<classPTMProtein__inherit__graph.pdf, id=2931, 82.3075pt x 88.33pt>
File: classPTMProtein__inherit__graph.pdf Graphic file (type pdf)

<use classPTMProtein__inherit__graph.pdf>
<classPTMProtein__coll__graph.pdf, id=2932, 82.3075pt x 162.6075pt>
File: classPTMProtein__coll__graph.pdf Graphic file (type pdf)

<use classPTMProtein__coll__graph.pdf>
<classPTMProtein_ad7f9e5f107659b4c8a0c675f2aeb7b8b_cgraph.pdf, id=2940, 266.997
5pt x 30.1125pt>
File: classPTMProtein_ad7f9e5f107659b4c8a0c675f2aeb7b8b_cgraph.pdf Graphic file
 (type pdf)

<use classPTMProtein_ad7f9e5f107659b4c8a0c675f2aeb7b8b_cgraph.pdf> [56


 <./classPTMProtein__inherit__graph.pdf> <./classPTMProtein__coll__graph.pdf>]

Package hyperref Warning: Token not allowed in a PDFDocEncoded string,
(hyperref)                removing `math shift' on input line 61.


Package hyperref Warning: Token not allowed in a PDFDocEncoded string,
(hyperref)                removing `\sim' on input line 61.


Package hyperref Warning: Token not allowed in a PDFDocEncoded string,
(hyperref)                removing `math shift' on input line 61.

) [57 <./classPTMProtein_ad7f9e5f107659b4c8a0c675f2aeb7b8b_cgraph.pdf>]
\openout2 = `classReverseComplexation.aux'.


(./classReverseComplexation.tex
<classReverseComplexation__inherit__graph.pdf, id=2976, 136.51pt x 88.33pt>
File: classReverseComplexation__inherit__graph.pdf Graphic file (type pdf)

<use classReverseComplexation__inherit__graph.pdf>
<classReverseComplexation__coll__graph.pdf, id=2977, 136.51pt x 88.33pt>
File: classReverseComplexation__coll__graph.pdf Graphic file (type pdf)

<use classReverseComplexation__coll__graph.pdf>
Underfull \hbox (badness 10000) in paragraph at lines 28--29
[]\T1/ptm/m/n/10 virtual float [][]get-Ef-fect[][] (List-Di-graph $\OMS/cmsy/m/
n/10 ^^C$\T1/ptm/m/n/10 , ListDigraph::NodeMap$\OML/cmm/m/it/10 <$ [][]\T1/ptm/
m/n/10 Molecule[][] $\OMS/cmsy/m/n/10 ^^C$ $\OML/cmm/m/it/10 >$ $\OMS/cmsy/m/n/
10 ^^C$\T1/ptm/m/n/10 ,
 []


<classReverseComplexation_a12c42d3947dcd67f5cff0e9dd218a4c6_cgraph.pdf, id=2985
, 373.395pt x 30.1125pt>
File: classReverseComplexation_a12c42d3947dcd67f5cff0e9dd218a4c6_cgraph.pdf Gra
phic file (type pdf)

<use classReverseComplexation_a12c42d3947dcd67f5cff0e9dd218a4c6_cgraph.pdf>

Package hyperref Warning: Token not allowed in a PDFDocEncoded string,
(hyperref)                removing `math shift' on input line 57.


Package hyperref Warning: Token not allowed in a PDFDocEncoded string,
(hyperref)                removing `\sim' on input line 57.


Package hyperref Warning: Token not allowed in a PDFDocEncoded string,
(hyperref)                removing `math shift' on input line 57.

[58


 <./classReverseComplexation__inherit__graph.pdf> <./classReverseComplexation__
coll__graph.pdf> <./classReverseComplexation_a12c42d3947dcd67f5cff0e9dd218a4c6_
cgraph.pdf>]
<classReverseComplexation_a9dceec2b67efbe7c14a7e53c959263f5_cgraph.pdf, id=3016
, 495.8525pt x 70.2625pt>
File: classReverseComplexation_a9dceec2b67efbe7c14a7e53c959263f5_cgraph.pdf Gra
phic file (type pdf)

<use classReverseComplexation_a9dceec2b67efbe7c14a7e53c959263f5_cgraph.pdf>)
[59 <./classReverseComplexation_a9dceec2b67efbe7c14a7e53c959263f5_cgraph.pdf>]
\openout2 = `classReversePTM.aux'.


(./classReversePTM.tex
<classReversePTM__inherit__graph.pdf, id=3029, 88.33pt x 88.33pt>
File: classReversePTM__inherit__graph.pdf Graphic file (type pdf)

<use classReversePTM__inherit__graph.pdf>
<classReversePTM__coll__graph.pdf, id=3030, 88.33pt x 88.33pt>
File: classReversePTM__coll__graph.pdf Graphic file (type pdf)

<use classReversePTM__coll__graph.pdf>
<classReversePTM_a300458e98e0701ca87cf608eca89b3b3_cgraph.pdf, id=3033, 277.035
pt x 30.1125pt>
File: classReversePTM_a300458e98e0701ca87cf608eca89b3b3_cgraph.pdf Graphic file
 (type pdf)

<use classReversePTM_a300458e98e0701ca87cf608eca89b3b3_cgraph.pdf>

Package hyperref Warning: Token not allowed in a PDFDocEncoded string,
(hyperref)                removing `math shift' on input line 48.


Package hyperref Warning: Token not allowed in a PDFDocEncoded string,
(hyperref)                removing `\sim' on input line 48.


Package hyperref Warning: Token not allowed in a PDFDocEncoded string,
(hyperref)                removing `math shift' on input line 48.

[60


 <./classReversePTM__inherit__graph.pdf> <./classReversePTM__coll__graph.pdf> <
./classReversePTM_a300458e98e0701ca87cf608eca89b3b3_cgraph.pdf>]) [61]
\openout2 = `classTestInt.aux'.


(./classTestInt.tex
<classTestInt__inherit__graph.pdf, id=3066, 80.3pt x 88.33pt>
File: classTestInt__inherit__graph.pdf Graphic file (type pdf)

<use classTestInt__inherit__graph.pdf>
<classTestInt__coll__graph.pdf, id=3067, 80.3pt x 88.33pt>
File: classTestInt__coll__graph.pdf Graphic file (type pdf)

<use classTestInt__coll__graph.pdf>
Underfull \hbox (badness 10000) in paragraph at lines 28--29
[]\T1/ptm/m/n/10 virtual float [][]get-Ef-fect[][] (List-Di-graph $\OMS/cmsy/m/
n/10 ^^C$\T1/ptm/m/n/10 , ListDigraph::NodeMap$\OML/cmm/m/it/10 <$ [][]\T1/ptm/
m/n/10 Molecule[][] $\OMS/cmsy/m/n/10 ^^C$ $\OML/cmm/m/it/10 >$ $\OMS/cmsy/m/n/
10 ^^C$\T1/ptm/m/n/10 ,
 []


<classTestInt_ae60099905c20a07851e869710024f416_cgraph.pdf, id=3073, 220.825pt 
x 30.1125pt>
File: classTestInt_ae60099905c20a07851e869710024f416_cgraph.pdf Graphic file (t
ype pdf)
 <use classTestInt_ae60099905c20a07851e869710024f416_cgraph.pdf>

Package hyperref Warning: Token not allowed in a PDFDocEncoded string,
(hyperref)                removing `math shift' on input line 50.


Package hyperref Warning: Token not allowed in a PDFDocEncoded string,
(hyperref)                removing `\sim' on input line 50.


Package hyperref Warning: Token not allowed in a PDFDocEncoded string,
(hyperref)                removing `math shift' on input line 50.

[62


 <./classTestInt__inherit__graph.pdf> <./classTestInt__coll__graph.pdf> <./clas
sTestInt_ae60099905c20a07851e869710024f416_cgraph.pdf>]
<classTestInt_a7e6d8e60a2ebc357052a7776244893d7_cgraph.pdf, id=3101, 419.5675pt
 x 70.2625pt>
File: classTestInt_a7e6d8e60a2ebc357052a7776244893d7_cgraph.pdf Graphic file (t
ype pdf)
 <use classTestInt_a7e6d8e60a2ebc357052a7776244893d7_cgraph.pdf>)
[63 <./classTestInt_a7e6d8e60a2ebc357052a7776244893d7_cgraph.pdf>]
\openout2 = `classTrace.aux'.


(./classTrace.tex

Package hyperref Warning: Token not allowed in a PDFDocEncoded string,
(hyperref)                removing `math shift' on input line 59.


Package hyperref Warning: Token not allowed in a PDFDocEncoded string,
(hyperref)                removing `\sim' on input line 59.


Package hyperref Warning: Token not allowed in a PDFDocEncoded string,
(hyperref)                removing `math shift' on input line 59.

[64


]
<classTrace_a307942e3b0179af28fb7a7a0868fe4b1_cgraph.pdf, id=3150, 417.56pt x 7
0.2625pt>
File: classTrace_a307942e3b0179af28fb7a7a0868fe4b1_cgraph.pdf Graphic file (typ
e pdf)
 <use classTrace_a307942e3b0179af28fb7a7a0868fe4b1_cgraph.pdf>
<classTrace_ace78e6fb4da6fc7cb85ec4ee5421c148_cgraph.pdf, id=3152, 260.975pt x 
30.1125pt>
File: classTrace_ace78e6fb4da6fc7cb85ec4ee5421c148_cgraph.pdf Graphic file (typ
e pdf)
 <use classTrace_ace78e6fb4da6fc7cb85ec4ee5421c148_cgraph.pdf>
<classTrace_aba8fd6ff6e39496ca25050ae01800523_cgraph.pdf, id=3154, 260.975pt x 
30.1125pt>
File: classTrace_aba8fd6ff6e39496ca25050ae01800523_cgraph.pdf Graphic file (typ
e pdf)
 <use classTrace_aba8fd6ff6e39496ca25050ae01800523_cgraph.pdf>
[65 <./classTrace_a307942e3b0179af28fb7a7a0868fe4b1_cgraph.pdf> <./classTrace_a
ce78e6fb4da6fc7cb85ec4ee5421c148_cgraph.pdf> <./classTrace_aba8fd6ff6e39496ca25
050ae01800523_cgraph.pdf>]) [66]
\openout2 = `classTranscription.aux'.

 (./classTranscription.tex
<classTranscription__inherit__graph.pdf, id=3185, 88.33pt x 88.33pt>
File: classTranscription__inherit__graph.pdf Graphic file (type pdf)

<use classTranscription__inherit__graph.pdf>
<classTranscription__coll__graph.pdf, id=3186, 88.33pt x 88.33pt>
File: classTranscription__coll__graph.pdf Graphic file (type pdf)

<use classTranscription__coll__graph.pdf>
Underfull \hbox (badness 10000) in paragraph at lines 28--29
[]\T1/ptm/m/n/10 virtual float [][]get-Ef-fect[][] (List-Di-graph $\OMS/cmsy/m/
n/10 ^^C$\T1/ptm/m/n/10 , ListDigraph::NodeMap$\OML/cmm/m/it/10 <$ [][]\T1/ptm/
m/n/10 Molecule[][] $\OMS/cmsy/m/n/10 ^^C$ $\OML/cmm/m/it/10 >$ $\OMS/cmsy/m/n/
10 ^^C$\T1/ptm/m/n/10 ,
 []


Package hyperref Warning: Token not allowed in a PDFDocEncoded string,
(hyperref)                removing `math shift' on input line 43.


Package hyperref Warning: Token not allowed in a PDFDocEncoded string,
(hyperref)                removing `\sim' on input line 43.


Package hyperref Warning: Token not allowed in a PDFDocEncoded string,
(hyperref)                removing `math shift' on input line 43.


Underfull \vbox (badness 3965) has occurred while \output is active []

 [67


 <./classTranscription__inherit__graph.pdf> <./classTranscription__coll__graph.
pdf>]
<classTranscription_a73f9e09dac4b601a297fd4d59c92cea5_cgraph.pdf, id=3215, 447.
6725pt x 70.2625pt>
File: classTranscription_a73f9e09dac4b601a297fd4d59c92cea5_cgraph.pdf Graphic f
ile (type pdf)

<use classTranscription_a73f9e09dac4b601a297fd4d59c92cea5_cgraph.pdf>) [68 <./c
lassTranscription_a73f9e09dac4b601a297fd4d59c92cea5_cgraph.pdf>]
\openout2 = `classTranslation.aux'.


(./classTranslation.tex
<classTranslation__inherit__graph.pdf, id=3228, 80.3pt x 88.33pt>
File: classTranslation__inherit__graph.pdf Graphic file (type pdf)

<use classTranslation__inherit__graph.pdf>
<classTranslation__coll__graph.pdf, id=3229, 80.3pt x 88.33pt>
File: classTranslation__coll__graph.pdf Graphic file (type pdf)

<use classTranslation__coll__graph.pdf>
<classTranslation_a19a6742a807888b66b0a402469bbf588_cgraph.pdf, id=3232, 256.96
pt x 30.1125pt>
File: classTranslation_a19a6742a807888b66b0a402469bbf588_cgraph.pdf Graphic fil
e (type pdf)

<use classTranslation_a19a6742a807888b66b0a402469bbf588_cgraph.pdf>

Package hyperref Warning: Token not allowed in a PDFDocEncoded string,
(hyperref)                removing `math shift' on input line 48.


Package hyperref Warning: Token not allowed in a PDFDocEncoded string,
(hyperref)                removing `\sim' on input line 48.


Package hyperref Warning: Token not allowed in a PDFDocEncoded string,
(hyperref)                removing `math shift' on input line 48.

[69


 <./classTranslation__inherit__graph.pdf> <./classTranslation__coll__graph.pdf>
 <./classTranslation_a19a6742a807888b66b0a402469bbf588_cgraph.pdf>])
[70]
Chapter 5.
(./Cell_8cpp.tex <Cell_8cpp__incl.pdf, id=3264, 1034.86626pt x 495.8525pt>
File: Cell_8cpp__incl.pdf Graphic file (type pdf)

<use Cell_8cpp__incl.pdf>) [71


 <./Cell_8cpp__incl.pdf>]
\openout2 = `Cell_8h.aux'.

 (./Cell_8h.tex
<Cell_8h__incl.pdf, id=3275, 1021.8175pt x 437.635pt>
File: Cell_8h__incl.pdf Graphic file (type pdf)
 <use Cell_8h__incl.pdf>
<Cell_8h__dep__incl.pdf, id=3276, 202.7575pt x 146.5475pt>
File: Cell_8h__dep__incl.pdf Graphic file (type pdf)

<use Cell_8h__dep__incl.pdf>) [72

 <./Cell_8h__incl.pdf> <./Cell_8h__dep__incl.pdf>]
\openout2 = `CustomInteractions_8cpp.aux'.

 (./CustomInteractions_8cpp.tex
<CustomInteractions_8cpp__incl.pdf, id=3295, 526.96875pt x 379.4175pt>
File: CustomInteractions_8cpp__incl.pdf Graphic file (type pdf)

<use CustomInteractions_8cpp__incl.pdf>) [73


 <./CustomInteractions_8cpp__incl.pdf>]
\openout2 = `CustomInteractions_8h.aux'.

 (./CustomInteractions_8h.tex
<CustomInteractions_8h__incl.pdf, id=3307, 464.73625pt x 321.2pt>
File: CustomInteractions_8h__incl.pdf Graphic file (type pdf)

<use CustomInteractions_8h__incl.pdf>
<CustomInteractions_8h__dep__incl.pdf, id=3308, 321.2pt x 262.9825pt>
File: CustomInteractions_8h__dep__incl.pdf Graphic file (type pdf)

<use CustomInteractions_8h__dep__incl.pdf> [74


 <./CustomInteractions_8h__incl.pdf> <./CustomInteractions_8h__dep__incl.pdf>])
 [75]
\openout2 = `CustomMolecules_8cpp.aux'.

 (./CustomMolecules_8cpp.tex <CustomMolecules_8cpp__incl.pdf, id=3339, 623.3287
5pt x 262.9825pt>
File: CustomMolecules_8cpp__incl.pdf Graphic file (type pdf)

<use CustomMolecules_8cpp__incl.pdf>) [76


 <./CustomMolecules_8cpp__incl.pdf>]
\openout2 = `CustomMolecules_8h.aux'.


(./CustomMolecules_8h.tex
<CustomMolecules_8h__incl.pdf, id=3350, 418.56375pt x 204.765pt>
File: CustomMolecules_8h__incl.pdf Graphic file (type pdf)

<use CustomMolecules_8h__incl.pdf>
<CustomMolecules_8h__dep__incl.pdf, id=3351, 475.7775pt x 379.4175pt>
File: CustomMolecules_8h__dep__incl.pdf Graphic file (type pdf)

<use CustomMolecules_8h__dep__incl.pdf>) [77


 <./CustomMolecules_8h__incl.pdf> <./CustomMolecules_8h__dep__incl.pdf>]
\openout2 = `DerivGraph_8cpp.aux'.

 (./DerivGraph_8cpp.tex
<DerivGraph_8cpp__incl.pdf, id=3375, 1030.85126pt x 437.635pt>
File: DerivGraph_8cpp__incl.pdf Graphic file (type pdf)

<use DerivGraph_8cpp__incl.pdf>) [78


 <./DerivGraph_8cpp__incl.pdf>]
\openout2 = `DerivGraph_8h.aux'.


(./DerivGraph_8h.tex
<DerivGraph_8h__incl.pdf, id=3386, 949.5475pt x 379.4175pt>
File: DerivGraph_8h__incl.pdf Graphic file (type pdf)

<use DerivGraph_8h__incl.pdf>
<DerivGraph_8h__dep__incl.pdf, id=3387, 214.8025pt x 204.765pt>
File: DerivGraph_8h__dep__incl.pdf Graphic file (type pdf)

<use DerivGraph_8h__dep__incl.pdf> [79


 <./DerivGraph_8h__incl.pdf> <./DerivGraph_8h__dep__incl.pdf>]) [80]
\openout2 = `Experiment_8cpp.aux'.

 (./Experiment_8cpp.tex
<Experiment_8cpp__incl.pdf, id=3411, 1326.9575pt x 554.07pt>
File: Experiment_8cpp__incl.pdf Graphic file (type pdf)

<use Experiment_8cpp__incl.pdf>) [81


 <./Experiment_8cpp__incl.pdf>]
\openout2 = `Experiment_8h.aux'.


(./Experiment_8h.tex
<Experiment_8h__incl.pdf, id=3422, 1019.81pt x 495.8525pt>
File: Experiment_8h__incl.pdf Graphic file (type pdf)

<use Experiment_8h__incl.pdf>
<Experiment_8h__dep__incl.pdf, id=3423, 182.6825pt x 88.33pt>
File: Experiment_8h__dep__incl.pdf Graphic file (type pdf)

<use Experiment_8h__dep__incl.pdf>) [82


 <./Experiment_8h__incl.pdf> <./Experiment_8h__dep__incl.pdf>]
\openout2 = `ExternTrace_8h.aux'.

 (./ExternTrace_8h.tex
<ExternTrace_8h__incl.pdf, id=3442, 341.275pt x 146.5475pt>
File: ExternTrace_8h__incl.pdf Graphic file (type pdf)

<use ExternTrace_8h__incl.pdf>
<ExternTrace_8h__dep__incl.pdf, id=3443, 807.015pt x 88.33pt>
File: ExternTrace_8h__dep__incl.pdf Graphic file (type pdf)

<use ExternTrace_8h__dep__incl.pdf>) [83


 <./ExternTrace_8h__incl.pdf> <./ExternTrace_8h__dep__incl.pdf>]
\openout2 = `Interaction_8cpp.aux'.

 (./Interaction_8cpp.tex
<Interaction_8cpp__incl.pdf, id=3464, 646.415pt x 321.2pt>
File: Interaction_8cpp__incl.pdf Graphic file (type pdf)

<use Interaction_8cpp__incl.pdf>) [84


 <./Interaction_8cpp__incl.pdf>]
\openout2 = `Interaction_8h.aux'.


(./Interaction_8h.tex
<Interaction_8h__incl.pdf, id=3475, 531.9875pt x 262.9825pt>
File: Interaction_8h__incl.pdf Graphic file (type pdf)

<use Interaction_8h__incl.pdf>
<Interaction_8h__dep__incl.pdf, id=3476, 390.45876pt x 321.2pt>
File: Interaction_8h__dep__incl.pdf Graphic file (type pdf)

<use Interaction_8h__dep__incl.pdf>) [85


 <./Interaction_8h__incl.pdf> <./Interaction_8h__dep__incl.pdf>]
\openout2 = `Main_8cpp.aux'.

 (./Main_8cpp.tex
<Main_8cpp__incl.pdf, id=3496, 1401.235pt x 554.07pt>
File: Main_8cpp__incl.pdf Graphic file (type pdf)

<use Main_8cpp__incl.pdf>
<Main_8cpp_a3c04138a5bfe5d72780bb7e82a18e627_cgraph.pdf, id=3500, 495.8525pt x 
148.555pt>
File: Main_8cpp_a3c04138a5bfe5d72780bb7e82a18e627_cgraph.pdf Graphic file (type
 pdf)
 <use Main_8cpp_a3c04138a5bfe5d72780bb7e82a18e627_cgraph.pdf>)
[86


 <./Main_8cpp__incl.pdf> <./Main_8cpp_a3c04138a5bfe5d72780bb7e82a18e627_cgraph.
pdf>] [87]
\openout2 = `MersenneTwister_8h.aux'.

 (./MersenneTwister_8h.tex
<MersenneTwister_8h__incl.pdf, id=3524, 335.2525pt x 88.33pt>
File: MersenneTwister_8h__incl.pdf Graphic file (type pdf)

<use MersenneTwister_8h__incl.pdf>
<MersenneTwister_8h__dep__incl.pdf, id=3525, 584.1825pt x 495.8525pt>
File: MersenneTwister_8h__dep__incl.pdf Graphic file (type pdf)

<use MersenneTwister_8h__dep__incl.pdf>

Package hyperref Warning: Token not allowed in a PDFDocEncoded string,
(hyperref)                removing `math shift' on input line 42.


Package hyperref Warning: Token not allowed in a PDFDocEncoded string,
(hyperref)                removing `math shift' on input line 42.


Package hyperref Warning: Token not allowed in a PDFDocEncoded string,
(hyperref)                removing `math shift' on input line 42.


Package hyperref Warning: Token not allowed in a PDFDocEncoded string,
(hyperref)                removing `math shift' on input line 42.


Package hyperref Warning: Token not allowed in a PDFDocEncoded string,
(hyperref)                removing `math shift' on input line 47.


Package hyperref Warning: Token not allowed in a PDFDocEncoded string,
(hyperref)                removing `math shift' on input line 47.


Package hyperref Warning: Token not allowed in a PDFDocEncoded string,
(hyperref)                removing `math shift' on input line 47.


Package hyperref Warning: Token not allowed in a PDFDocEncoded string,
(hyperref)                removing `math shift' on input line 47.

) [88


 <./MersenneTwister_8h__incl.pdf> <./MersenneTwister_8h__dep__incl.pdf>]
[89]
\openout2 = `Molecule_8cpp.aux'.

 (./Molecule_8cpp.tex
<Molecule_8cpp__incl.pdf, id=3555, 613.29124pt x 204.765pt>
File: Molecule_8cpp__incl.pdf Graphic file (type pdf)

<use Molecule_8cpp__incl.pdf>) [90


 <./Molecule_8cpp__incl.pdf>]
\openout2 = `Molecule_8h.aux'.


(./Molecule_8h.tex <Molecule_8h__incl.pdf, id=3566, 414.54875pt x 146.5475pt>
File: Molecule_8h__incl.pdf Graphic file (type pdf)

<use Molecule_8h__incl.pdf>
<Molecule_8h__dep__incl.pdf, id=3567, 488.82625pt x 437.635pt>
File: Molecule_8h__dep__incl.pdf Graphic file (type pdf)

<use Molecule_8h__dep__incl.pdf>) [91


 <./Molecule_8h__incl.pdf> <./Molecule_8h__dep__incl.pdf>]
\openout2 = `MoleculeType_8h.aux'.

 (./MoleculeType_8h.tex) [92


]
\openout2 = `Trace_8cpp.aux'.

 (./Trace_8cpp.tex
<Trace_8cpp__incl.pdf, id=3593, 341.275pt x 146.5475pt>
File: Trace_8cpp__incl.pdf Graphic file (type pdf)

<use Trace_8cpp__incl.pdf>) [93


 <./Trace_8cpp__incl.pdf>]
\openout2 = `Trace_8h.aux'.

 (./Trace_8h.tex
<Trace_8h__incl.pdf, id=3604, 341.275pt x 88.33pt>
File: Trace_8h__incl.pdf Graphic file (type pdf)
 <use Trace_8h__incl.pdf>
<Trace_8h__dep__incl.pdf, id=3605, 807.015pt x 146.5475pt>
File: Trace_8h__dep__incl.pdf Graphic file (type pdf)

<use Trace_8h__dep__incl.pdf>) [94


 <./Trace_8h__incl.pdf> <./Trace_8h__dep__incl.pdf>] (./refman.ind [95


] [96] [97] [98] [99]) (./refman.aux
(./structcmp__str.aux) (./classComplex.aux) (./classDegradation.aux)
(./classDerivGraph.aux) (./classDNA.aux) (./classExperiment.aux)
(./classForwardComplexation.aux) (./classForwardPTM.aux)
(./classInteraction.aux) (./classMolecule.aux) (./classMoleculeType.aux)
(./classmRNA.aux) (./classMTRand.aux) (./classNullNode.aux)
(./classPromoterBind.aux) (./classProtein.aux) (./classPTMProtein.aux)
(./classReverseComplexation.aux) (./classReversePTM.aux) (./classTestInt.aux)
(./classTrace.aux) (./classTranscription.aux) (./classTranslation.aux)
(./Cell_8h.aux) (./CustomInteractions_8cpp.aux) (./CustomInteractions_8h.aux)
(./CustomMolecules_8cpp.aux) (./CustomMolecules_8h.aux) (./DerivGraph_8cpp.aux)
(./DerivGraph_8h.aux) (./Experiment_8cpp.aux) (./Experiment_8h.aux)
(./ExternTrace_8h.aux) (./Interaction_8cpp.aux) (./Interaction_8h.aux)
(./Main_8cpp.aux) (./MersenneTwister_8h.aux) (./Molecule_8cpp.aux)
(./Molecule_8h.aux) (./MoleculeType_8h.aux) (./Trace_8cpp.aux) (./Trace_8h.aux)
) ) 
Here is how much of TeX's memory you used:
 8448 strings out of 256216
 152175 string characters out of 1917072
 169372 words of memory out of 1500000
 10520 multiletter control sequences out of 10000+200000
 39721 words of font info for 44 fonts, out of 1200000 for 2000
 645 hyphenation exceptions out of 8191
 38i,12n,58p,1459b,454s stack positions out of 5000i,500n,6000p,200000b,15000s
{/usr/share/texmf/fonts/enc/dvips/base/8r.enc}</usr/share/texmf/fonts/type1/
bluesky/cm/cmmi10.pfb></usr/share/texmf/fonts/type1/bluesky/cm/cmsy10.pfb></usr
/share/texmf/fonts/type1/urw/courier/ucrb8a.pfb></usr/share/texmf/fonts/type1/u
rw/courier/ucrr8a.pfb></usr/share/texmf/fonts/type1/urw/times/utmb8a.pfb></usr/
share/texmf/fonts/type1/urw/times/utmbi8a.pfb></usr/share/texmf/fonts/type1/urw
/times/utmr8a.pfb>
Output written on refman.pdf (111 pages, 1178047 bytes).
PDF statistics:
 4163 PDF objects out of 4296 (max. 8388607)
 663 named destinations out of 1000 (max. 131072)
 2980 words of extra memory for PDF output out of 10000 (max. 10000000)

